[+] Containers:
 |- [+] Container: /Game/ThirdPerson/Maps/ThirdPersonMap
 |   |- [+] ActorDescs:
 |   |   |- Guid:005309284F66DB91882EE8B63E854B1A BaseClass: NativeClass:/Script/Engine.StaticMeshActor Name:SM_Floor_Slab_UAID_988389A0DE6D9BBA01_1661177112 Label:SM_Floor_Slab_147 SpatiallyLoaded:1 Bounds:IsValid=true, Min=(X=9599.999 Y=2389.999 Z=-0.000), Max=(X=10200.000 Y=2990.000 Z=20.000) RuntimeGrid:None EditorOnly:0 RuntimeOnly:0 HLODRelevant:1
 |   |   |- Guid:04D59CD64966DA7DBE68FD893ACE5A19 BaseClass: NativeClass:/Script/Engine.StaticMeshActor Name:SM_Floor_Slab_UAID_988389A0DE6D9BBA01_1661098052 Label:SM_Floor_Slab_75 SpatiallyLoaded:1 Bounds:IsValid=true, Min=(X=9900.000 Y=4889.998 Z=-0.000), Max=(X=10500.002 Y=5490.000 Z=20.000) RuntimeGrid:None EditorOnly:0 RuntimeOnly:0 HLODRelevant:1
 |   |   |- Guid:0DE8B8414097DC92BF647D9ECF8F64A6 BaseClass: NativeClass:/Script/Engine.StaticMeshActor Name:SM_Floor_Slab_UAID_988389A0DE6D9BBA01_1661125072 Label:SM_Floor_Slab_98 SpatiallyLoaded:1 Bounds:IsValid=true, Min=(X=8700.000 Y=7289.998 Z=-0.000), Max=(X=9300.002 Y=7890.000 Z=20.000) RuntimeGrid:None EditorOnly:0 RuntimeOnly:0 HLODRelevant:1
 |   |   |- Guid:0E1F366E4270C623B8E44994E0B9EEDA BaseClass: NativeClass:/Script/Engine.StaticMeshActor Name:SM_Floor_Slab_UAID_988389A0DE6D9BBA01_1661153094 Label:SM_Floor_Slab_134 SpatiallyLoaded:1 Bounds:IsValid=true, Min=(X=8700.000 Y=4289.998 Z=-0.000), Max=(X=9300.002 Y=4890.000 Z=20.000) RuntimeGrid:None EditorOnly:0 RuntimeOnly:0 HLODRelevant:1
 |   |   |- Guid:110088DD417462770A5D8E9841209662 BaseClass: NativeClass:/Script/Engine.StaticMeshActor Name:SM_Floor_Slab_UAID_988389A0DE6D9BBA01_1661195126 Label:SM_Floor_Slab_158 SpatiallyLoaded:1 Bounds:IsValid=true, Min=(X=8700.000 Y=3589.999 Z=-0.000), Max=(X=9000.000 Y=3690.000 Z=20.000) RuntimeGrid:None EditorOnly:0 RuntimeOnly:0 HLODRelevant:1
 |   |   |- Guid:14B176D84F04705F4B94F8B9D3866BD1 BaseClass: NativeClass:/Script/Engine.StaticMeshActor Name:SM_Floor_Slab_UAID_988389A0DE6D9BBA01_1661105057 Label:SM_Floor_Slab_80 SpatiallyLoaded:1 Bounds:IsValid=true, Min=(X=9900.000 Y=4289.998 Z=-0.000), Max=(X=10500.002 Y=4890.000 Z=20.000) RuntimeGrid:None EditorOnly:0 RuntimeOnly:0 HLODRelevant:1
 |   |   |- Guid:15AED7694E218C503C7EAA90C007F1D4 BaseClass: NativeClass:/Script/Engine.StaticMeshActor Name:SM_Floor_Slab_UAID_988389A0DE6D9BBA01_1661175111 Label:SM_Floor_Slab_146 SpatiallyLoaded:1 Bounds:IsValid=true, Min=(X=9599.999 Y=1789.999 Z=-0.000), Max=(X=10200.000 Y=2390.000 Z=20.000) RuntimeGrid:None EditorOnly:0 RuntimeOnly:0 HLODRelevant:1
 |   |   |- Guid:1B8CD0F749340F047D58D883DA691161 BaseClass: NativeClass:/Script/Engine.StaticMeshActor Name:SM_Floor_Slab_UAID_988389A0DE6D9BBA01_1661173109 Label:SM_Floor_Slab_124 SpatiallyLoaded:1 Bounds:IsValid=true, Min=(X=10199.999 Y=2389.999 Z=-0.000), Max=(X=10500.000 Y=2990.000 Z=20.000) RuntimeGrid:None EditorOnly:0 RuntimeOnly:0 HLODRelevant:1
 |   |   |- Guid:1D4934B546789483F470018AE1FDA428 BaseClass: NativeClass:/Script/Engine.StaticMeshActor Name:SM_Floor_Slab_UAID_988389A0DE6D9BBA01_1661109060 Label:SM_Floor_Slab_85 SpatiallyLoaded:1 Bounds:IsValid=true, Min=(X=11300.000 Y=3689.998 Z=-0.000), Max=(X=11900.002 Y=4290.000 Z=20.000) RuntimeGrid:None EditorOnly:0 RuntimeOnly:0 HLODRelevant:1
 |   |   |- Guid:1D8556E2416429BF445CDB9E282B5B3C BaseClass: NativeClass:/Script/Engine.StaticMeshActor Name:SM_Floor_Slab_UAID_988389A0DE6D9BBA01_1661107059 Label:SM_Floor_Slab_84 SpatiallyLoaded:1 Bounds:IsValid=true, Min=(X=9900.000 Y=3689.998 Z=-0.000), Max=(X=10500.002 Y=4290.000 Z=20.000) RuntimeGrid:None EditorOnly:0 RuntimeOnly:0 HLODRelevant:1
 |   |   |- Guid:2049C4B04675C162E8D8A392A36705F8 BaseClass: NativeClass:/Script/Engine.StaticMeshActor Name:SM_Floor_Slab_UAID_988389A0DE6D9BBA01_1661154095 Label:SM_Floor_Slab_140 SpatiallyLoaded:1 Bounds:IsValid=true, Min=(X=8700.000 Y=3689.998 Z=-0.000), Max=(X=9300.002 Y=4290.000 Z=20.000) RuntimeGrid:None EditorOnly:0 RuntimeOnly:0 HLODRelevant:1
 |   |   |- Guid:23A6008A44D5DDE3F15DB5BE86546A44 BaseClass: NativeClass:/Script/Engine.StaticMeshActor Name:SM_Floor_Slab_UAID_988389A0DE6D9BBA01_1661161100 Label:SM_Floor_Slab_122 SpatiallyLoaded:1 Bounds:IsValid=true, Min=(X=11899.997 Y=290.000 Z=-0.000), Max=(X=12500.000 Y=690.004 Z=20.000) RuntimeGrid:None EditorOnly:0 RuntimeOnly:0 HLODRelevant:1
 |   |   |- Guid:2682CA4345C11AAAD36C86849932BDC4 BaseClass: NativeClass:/Script/Engine.StaticMeshActor Name:SM_Floor_Slab_UAID_988389A0DE6D9BBA01_1661144087 Label:SM_Floor_Slab_116 SpatiallyLoaded:1 Bounds:IsValid=true, Min=(X=9300.000 Y=5489.998 Z=-0.000), Max=(X=9900.002 Y=6090.000 Z=20.000) RuntimeGrid:None EditorOnly:0 RuntimeOnly:0 HLODRelevant:1
 |   |   |- Guid:280514A14EB9E0B732B2678DE5AC176C BaseClass: NativeClass:/Script/Engine.StaticMeshActor Name:SM_Floor_Slab_UAID_988389A0DE6D9BBA01_1661190122 Label:SM_Floor_Slab_156 SpatiallyLoaded:1 Bounds:IsValid=true, Min=(X=8999.999 Y=1189.999 Z=-0.000), Max=(X=9600.000 Y=1790.000 Z=20.000) RuntimeGrid:None EditorOnly:0 RuntimeOnly:0 HLODRelevant:1
 |   |   |- Guid:2A8E097F485C317D2816C98A5312F588 BaseClass: NativeClass:/Script/Engine.StaticMeshActor Name:SM_Floor_Slab_UAID_988389A0DE6D9BBA01_1661106058 Label:SM_Floor_Slab_81 SpatiallyLoaded:1 Bounds:IsValid=true, Min=(X=11300.000 Y=4289.998 Z=-0.000), Max=(X=11900.002 Y=4890.000 Z=20.000) RuntimeGrid:None EditorOnly:0 RuntimeOnly:0 HLODRelevant:1
 |   |   |- Guid:2FB58999456391D349DC0F86DAC136ED BaseClass: NativeClass:/Script/Engine.SkyLight Name:SkyLight_1 Label:SkyLight SpatiallyLoaded:0 Bounds:IsValid=true, Min=(X=0.000 Y=0.000 Z=690.000), Max=(X=0.000 Y=0.000 Z=690.000) RuntimeGrid:None EditorOnly:0 RuntimeOnly:0 HLODRelevant:0 FolderPath:Lighting FolderGuid:963EC3EB4002CCE9759E2EBA541A873A
 |   |   |- Guid:316CF2A6494ACA4C0E4180A87D36AB8F BaseClass: NativeClass:/Script/Engine.ExponentialHeightFog Name:ExponentialHeightFog_0 Label:ExponentialHeightFog SpatiallyLoaded:0 Bounds:IsValid=true, Min=(X=-5600.000 Y=-50.000 Z=-6850.000), Max=(X=-5600.000 Y=-50.000 Z=-6850.000) RuntimeGrid:None EditorOnly:0 RuntimeOnly:0 HLODRelevant:0 FolderPath:Lighting FolderGuid:963EC3EB4002CCE9759E2EBA541A873A
 |   |   |- Guid:34627D9947607D24B179E684789A454F BaseClass: NativeClass:/Script/Engine.StaticMeshActor Name:SM_Floor_Slab_UAID_988389A0DE6D9BBA01_1661113063 Label:SM_Floor_Slab_88 SpatiallyLoaded:1 Bounds:IsValid=true, Min=(X=11300.000 Y=1889.998 Z=-0.000), Max=(X=11900.002 Y=2490.000 Z=20.000) RuntimeGrid:None EditorOnly:0 RuntimeOnly:0 HLODRelevant:1
 |   |   |- Guid:388B6CC24609AFF13B07608412E18A4F BaseClass: NativeClass:/Script/Engine.StaticMeshActor Name:SM_Floor_Slab_UAID_988389A0DE6D9BBA01_1661167105 Label:SM_Floor_Slab_18 SpatiallyLoaded:1 Bounds:IsValid=true, Min=(X=9599.999 Y=-10.001 Z=-0.000), Max=(X=10200.000 Y=590.000 Z=20.000) RuntimeGrid:None EditorOnly:0 RuntimeOnly:0 HLODRelevant:1
 |   |   |- Guid:3A00AA1C422CE54C0BDB60BAF471BFBB BaseClass: NativeClass:/Script/Engine.PlayerStart Name:PlayerStart_0 Label:PlayerStart SpatiallyLoaded:0 Bounds:IsValid=true, Min=(X=10981.729 Y=106.223 Z=108.000), Max=(X=11061.729 Y=186.223 Z=292.000) RuntimeGrid:None EditorOnly:0 RuntimeOnly:0 HLODRelevant:0
 |   |   |- Guid:3B555AA84A72027812386485C3E83082 BaseClass: NativeClass:/Script/Engine.StaticMeshActor Name:SM_Floor_Slab_UAID_988389A0DE6D9BBA01_1661145088 Label:SM_Floor_Slab_117 SpatiallyLoaded:1 Bounds:IsValid=true, Min=(X=9300.000 Y=4889.998 Z=-0.000), Max=(X=9900.002 Y=5490.000 Z=20.000) RuntimeGrid:None EditorOnly:0 RuntimeOnly:0 HLODRelevant:1
 |   |   |- Guid:3D2401CF46103BA8DA329DA01C868050 BaseClass: NativeClass:/Script/Engine.StaticMeshActor Name:SM_Floor_Slab_UAID_988389A0DE6D9BBA01_1661180114 Label:SM_Floor_Slab_149 SpatiallyLoaded:1 Bounds:IsValid=true, Min=(X=8999.999 Y=1789.999 Z=-0.000), Max=(X=9600.000 Y=2390.000 Z=20.000) RuntimeGrid:None EditorOnly:0 RuntimeOnly:0 HLODRelevant:1
 |   |   |- Guid:42C679F34892679443172B89AEFB2191 BaseClass: NativeClass:/Script/Engine.StaticMeshActor Name:SM_Floor_Slab_UAID_988389A0DE6D9BBA01_1661165103 Label:SM_Floor_Slab_16 SpatiallyLoaded:1 Bounds:IsValid=true, Min=(X=10199.999 Y=589.999 Z=-0.000), Max=(X=10500.000 Y=1190.000 Z=20.000) RuntimeGrid:None EditorOnly:0 RuntimeOnly:0 HLODRelevant:1
 |   |   |- Guid:43ADC9994E62651709334FB93AEB8148 BaseClass: NativeClass:/Script/Engine.StaticMeshActor Name:SM_Floor_Slab_UAID_988389A0DE6D9BBA01_1661133078 Label:SM_Floor_Slab_107 SpatiallyLoaded:1 Bounds:IsValid=true, Min=(X=11900.000 Y=6690.000 Z=-0.000), Max=(X=12300.000 Y=7290.000 Z=20.000) RuntimeGrid:None EditorOnly:0 RuntimeOnly:0 HLODRelevant:1
 |   |   |- Guid:474F14C547EFBA9288824C8ECBB379F3 BaseClass: NativeClass:/Script/Engine.StaticMeshActor Name:SM_Floor_Slab_UAID_988389A0DE6D9BBA01_1661160099 Label:SM_Floor_Slab_144 SpatiallyLoaded:1 Bounds:IsValid=true, Min=(X=10500.000 Y=-10.000 Z=-0.000), Max=(X=11300.000 Y=290.000 Z=20.000) RuntimeGrid:None EditorOnly:0 RuntimeOnly:0 HLODRelevant:1
 |   |   |- Guid:48C2AE084FC84E7828170289AEF9212E BaseClass: NativeClass:/Script/Engine.StaticMeshActor Name:SM_Floor_Slab_UAID_988389A0DE6D9BBA01_1661141085 Label:SM_Floor_Slab_114 SpatiallyLoaded:1 Bounds:IsValid=true, Min=(X=11900.000 Y=690.000 Z=-0.000), Max=(X=12700.000 Y=1290.000 Z=20.000) RuntimeGrid:None EditorOnly:0 RuntimeOnly:0 HLODRelevant:1
 |   |   |- Guid:48C9FB0848051C9BEF1F3E9131FF871E BaseClass: NativeClass:/Script/Engine.StaticMeshActor Name:SM_Floor_Slab_UAID_988389A0DE6D9BBA01_1661126073 Label:SM_Floor_Slab_101 SpatiallyLoaded:1 Bounds:IsValid=true, Min=(X=10500.000 Y=7290.000 Z=-0.000), Max=(X=11300.000 Y=7890.000 Z=20.000) RuntimeGrid:None EditorOnly:0 RuntimeOnly:0 HLODRelevant:1
 |   |   |- Guid:4A9237674476F0C4B4FA0582613F2824 BaseClass: NativeClass:/Script/Engine.StaticMeshActor Name:SM_Floor_Slab_UAID_988389A0DE6D9BBA01_1661157097 Label:SM_Floor_Slab_142 SpatiallyLoaded:1 Bounds:IsValid=true, Min=(X=8300.000 Y=4290.000 Z=-0.000), Max=(X=8700.002 Y=4890.001 Z=20.000) RuntimeGrid:None EditorOnly:0 RuntimeOnly:0 HLODRelevant:1
 |   |   |- Guid:4B1DB4134B295B7E0F5A9E9483B6A326 BaseClass: NativeClass:/Script/Engine.StaticMeshActor Name:SM_Floor_Slab_UAID_988389A0DE6D9BBA01_1661137081 Label:SM_Floor_Slab_110 SpatiallyLoaded:1 Bounds:IsValid=true, Min=(X=11900.000 Y=3090.000 Z=-0.000), Max=(X=12700.000 Y=3690.000 Z=20.000) RuntimeGrid:None EditorOnly:0 RuntimeOnly:0 HLODRelevant:1
 |   |   |- Guid:4BDABDE345C90CAA877CE5A9C33FD8CA BaseClass: NativeClass:/Script/Engine.StaticMeshActor Name:SM_Floor_Slab_UAID_988389A0DE6D9BBA01_1661118067 Label:SM_Floor_Slab_92 SpatiallyLoaded:1 Bounds:IsValid=true, Min=(X=11300.000 Y=7289.998 Z=-0.000), Max=(X=11900.002 Y=7890.000 Z=20.000) RuntimeGrid:None EditorOnly:0 RuntimeOnly:0 HLODRelevant:1
 |   |   |- Guid:4BDB8D0644785CDE56098C88861D8F38 BaseClass: NativeClass:/Script/Engine.StaticMeshActor Name:SM_Floor_Slab_UAID_988389A0DE6D9BBA01_1661116065 Label:SM_Floor_Slab_90 SpatiallyLoaded:1 Bounds:IsValid=true, Min=(X=11300.000 Y=689.998 Z=-0.000), Max=(X=11900.002 Y=1290.000 Z=20.000) RuntimeGrid:None EditorOnly:0 RuntimeOnly:0 HLODRelevant:1
 |   |   |- Guid:4D3BE93F4146AAAC8BBE79999D96D57F BaseClass: NativeClass:/Script/Engine.VolumetricCloud Name:VolumetricCloud_0 Label:VolumetricCloud SpatiallyLoaded:0 Bounds:IsValid=true, Min=(X=0.000 Y=0.000 Z=820.000), Max=(X=0.000 Y=0.000 Z=820.000) RuntimeGrid:None EditorOnly:0 RuntimeOnly:0 HLODRelevant:0 FolderPath:Lighting FolderGuid:963EC3EB4002CCE9759E2EBA541A873A
 |   |   |- Guid:4D869B7B468478A09600D0A0423A548E BaseClass: NativeClass:/Script/Engine.StaticMeshActor Name:SM_Floor_Slab_UAID_988389A0DE6D9BBA01_1661170107 Label:SM_Floor_Slab_23 SpatiallyLoaded:1 Bounds:IsValid=true, Min=(X=9599.999 Y=1189.999 Z=-0.000), Max=(X=10200.000 Y=1790.000 Z=20.000) RuntimeGrid:None EditorOnly:0 RuntimeOnly:0 HLODRelevant:1
 |   |   |- Guid:5B97F4A64FB21F77EFC44386BF705B4C BaseClass: NativeClass:/Script/Engine.TextRenderActor Name:TextRenderActor_1 Label:TextRenderActor SpatiallyLoaded:1 Bounds:IsValid=true, Min=(X=-0.100 Y=1100.000 Z=65.013), Max=(X=-0.100 Y=2392.308 Z=215.013) RuntimeGrid:None EditorOnly:0 RuntimeOnly:0 HLODRelevant:0
 |   |   |- Guid:5C04CDE543E204B7F19F16AE6DB1D5D8 BaseClass: NativeClass:/Script/Engine.StaticMeshActor Name:SM_Floor_Slab_UAID_988389A0DE6D9BBA01_1661148090 Label:SM_Floor_Slab_119 SpatiallyLoaded:1 Bounds:IsValid=true, Min=(X=9300.000 Y=3689.998 Z=-0.000), Max=(X=9900.002 Y=4290.000 Z=20.000) RuntimeGrid:None EditorOnly:0 RuntimeOnly:0 HLODRelevant:1
 |   |   |- Guid:5D786C3E4DB546E10C0517AA4211BB13 BaseClass: NativeClass:/Script/Engine.StaticMeshActor Name:SM_Floor_Slab_UAID_988389A0DE6D9BBA01_1661102055 Label:SM_Floor_Slab_78 SpatiallyLoaded:1 Bounds:IsValid=true, Min=(X=11300.000 Y=5489.998 Z=-0.000), Max=(X=11900.002 Y=6090.000 Z=20.000) RuntimeGrid:None EditorOnly:0 RuntimeOnly:0 HLODRelevant:1
 |   |   |- Guid:5E824BB44380112AF44CDA9DB69F6E00 BaseClass: NativeClass:/Script/Engine.StaticMeshActor Name:SM_Floor_Slab_UAID_988389A0DE6D9BBA01_1661096050 Label:SM_Floor_Slab_73 SpatiallyLoaded:1 Bounds:IsValid=true, Min=(X=9900.000 Y=6089.998 Z=-0.000), Max=(X=10500.002 Y=6690.000 Z=20.000) RuntimeGrid:None EditorOnly:0 RuntimeOnly:0 HLODRelevant:1
 |   |   |- Guid:621EB0214D07EF09A10EBAB8F040C612 BaseClass: NativeClass:/Script/Engine.StaticMeshActor Name:SM_Floor_Slab_UAID_988389A0DE6D9BBA01_1661166104 Label:SM_Floor_Slab_17 SpatiallyLoaded:1 Bounds:IsValid=true, Min=(X=10199.999 Y=1189.999 Z=-0.000), Max=(X=10500.000 Y=1790.000 Z=20.000) RuntimeGrid:None EditorOnly:0 RuntimeOnly:0 HLODRelevant:1
 |   |   |- Guid:624CFE9F4BA60D48F53CFDB6BA2EFE8B BaseClass: NativeClass:/Script/Engine.StaticMeshActor Name:SM_Floor_Slab_UAID_988389A0DE6D9BBA01_1661134079 Label:SM_Floor_Slab_108 SpatiallyLoaded:1 Bounds:IsValid=true, Min=(X=11900.000 Y=7290.000 Z=-0.000), Max=(X=12300.000 Y=7890.000 Z=20.000) RuntimeGrid:None EditorOnly:0 RuntimeOnly:0 HLODRelevant:1
 |   |   |- Guid:6B5ED9F74241B4C8AE5820AEF099CA88 BaseClass: NativeClass:/Script/Engine.StaticMeshActor Name:SM_Floor_Slab_UAID_988389A0DE6D9BBA01_1661150092 Label:SM_Floor_Slab_132 SpatiallyLoaded:1 Bounds:IsValid=true, Min=(X=8700.000 Y=5489.998 Z=-0.000), Max=(X=9300.002 Y=6090.000 Z=20.000) RuntimeGrid:None EditorOnly:0 RuntimeOnly:0 HLODRelevant:1
 |   |   |- Guid:6BAF4DDD444C60371492D3919DB42C97 BaseClass: NativeClass:/Script/Engine.WorldDataLayers Name:WorldDataLayers Label:WorldDataLayers SpatiallyLoaded:0 Bounds:IsValid=true, Min=(X=0.000 Y=0.000 Z=0.000), Max=(X=0.000 Y=0.000 Z=0.000) RuntimeGrid:None EditorOnly:0 RuntimeOnly:0 HLODRelevant:0
 |   |   |- Guid:6C53B515475FF0F9F1B138A67A0D8F45 BaseClass: NativeClass:/Script/Engine.Actor Name:Actor_UAID_988389A0DE6D9ABA01_2136095791 Label:Actor SpatiallyLoaded:1 Bounds:IsValid=true, Min=(X=0.000 Y=0.000 Z=0.000), Max=(X=0.000 Y=0.000 Z=0.000) RuntimeGrid:None EditorOnly:0 RuntimeOnly:0 HLODRelevant:0
 |   |   |- Guid:6CF594634E959D4B6E15DFA917AE00BC BaseClass: NativeClass:/Script/Engine.StaticMeshActor Name:SM_Floor_Slab_UAID_988389A0DE6D9BBA01_1661097051 Label:SM_Floor_Slab_74 SpatiallyLoaded:1 Bounds:IsValid=true, Min=(X=9900.000 Y=5489.998 Z=-0.000), Max=(X=10500.002 Y=6090.000 Z=20.000) RuntimeGrid:None EditorOnly:0 RuntimeOnly:0 HLODRelevant:1
 |   |   |- Guid:6E4C6FD64BD25F34E5ACF186F18EEBAD BaseClass: NativeClass:/Script/Engine.StaticMeshActor Name:StaticMeshActor_UAID_988389A0DE6D9BBA01_1111529968 Label:WallBundle_1 SpatiallyLoaded:1 Bounds:IsValid=true, Min=(X=0.000 Y=0.000 Z=0.000), Max=(X=0.000 Y=0.000 Z=0.000) RuntimeGrid:None EditorOnly:0 RuntimeOnly:0 HLODRelevant:0
 |   |   |- Guid:7016309C466E6085535C54A372B19C3A BaseClass: NativeClass:/Script/Engine.StaticMeshActor Name:SM_Floor_Slab_UAID_988389A0DE6D9BBA01_1661131077 Label:SM_Floor_Slab_106 SpatiallyLoaded:1 Bounds:IsValid=true, Min=(X=11900.000 Y=4290.000 Z=-0.000), Max=(X=12300.000 Y=4890.000 Z=20.000) RuntimeGrid:None EditorOnly:0 RuntimeOnly:0 HLODRelevant:1
 |   |   |- Guid:75D73FC04DF498D26E477E83B1978CED BaseClass: NativeClass:/Script/Engine.StaticMeshActor Name:SM_Floor_Slab_UAID_988389A0DE6D9BBA01_1661147089 Label:SM_Floor_Slab_118 SpatiallyLoaded:1 Bounds:IsValid=true, Min=(X=9300.000 Y=4289.998 Z=-0.000), Max=(X=9900.002 Y=4890.000 Z=20.000) RuntimeGrid:None EditorOnly:0 RuntimeOnly:0 HLODRelevant:1
 |   |   |- Guid:77A8F13648364001A84B7A9850C2A2E8 BaseClass: NativeClass:/Script/Engine.StaticMeshActor Name:SM_Floor_Slab_08_UAID_988389A0DE6D9BBA01_1661194125 Label:SM_Floor_Slab_9 SpatiallyLoaded:1 Bounds:IsValid=true, Min=(X=10200.000 Y=3589.999 Z=-0.000), Max=(X=10500.000 Y=3690.000 Z=20.000) RuntimeGrid:None EditorOnly:0 RuntimeOnly:0 HLODRelevant:1
 |   |   |- Guid:7802C40748D6EE179C564C96DCBAE211 BaseClass: NativeClass:/Script/Engine.StaticMeshActor Name:SM_Floor_Slab_07_UAID_988389A0DE6D9BBA01_1661191123 Label:SM_Floor_Slab_8 SpatiallyLoaded:1 Bounds:IsValid=true, Min=(X=9600.000 Y=3589.998 Z=-0.000), Max=(X=10200.000 Y=3690.000 Z=20.000) RuntimeGrid:None EditorOnly:0 RuntimeOnly:0 HLODRelevant:1
 |   |   |- Guid:7BA3155D467F8DA89622EB8D2C754CD9 BaseClass: NativeClass:/Script/Engine.StaticMeshActor Name:SM_Floor_Slab_01_UAID_988389A0DE6D9BBA01_1661127074 Label:SM_Floor_Slab_3 SpatiallyLoaded:1 Bounds:IsValid=true, Min=(X=11900.000 Y=6090.000 Z=-0.000), Max=(X=12300.000 Y=6690.000 Z=20.000) RuntimeGrid:None EditorOnly:0 RuntimeOnly:0 HLODRelevant:1
 |   |   |- Guid:7CEB3D8045441F90718C65AA32173E5E BaseClass: NativeClass:/Script/Engine.StaticMeshActor Name:SM_Floor_Slab_UAID_988389A0DE6D9BBA01_1661169106 Label:SM_Floor_Slab_22 SpatiallyLoaded:1 Bounds:IsValid=true, Min=(X=9599.999 Y=589.999 Z=-0.000), Max=(X=10200.000 Y=1190.000 Z=20.000) RuntimeGrid:None EditorOnly:0 RuntimeOnly:0 HLODRelevant:1
 |   |   |- Guid:8040EE3A4C8C42FA1E9DBDBBF5CD12C4 BaseClass: NativeClass:/Script/Engine.StaticMeshActor Name:SM_Floor_Slab_UAID_988389A0DE6D9BBA01_1661122070 Label:SM_Floor_Slab_96 SpatiallyLoaded:1 Bounds:IsValid=true, Min=(X=9300.000 Y=7289.998 Z=-0.000), Max=(X=9900.002 Y=7890.000 Z=20.000) RuntimeGrid:None EditorOnly:0 RuntimeOnly:0 HLODRelevant:1
 |   |   |- Guid:82C23909449E4602CEAE5897B8F5D148 BaseClass: NativeClass:/Script/Engine.StaticMeshActor Name:SM_Floor_Slab_UAID_988389A0DE6D9BBA01_1661101054 Label:SM_Floor_Slab_77 SpatiallyLoaded:1 Bounds:IsValid=true, Min=(X=11300.000 Y=6089.998 Z=-0.000), Max=(X=11900.002 Y=6690.000 Z=20.000) RuntimeGrid:None EditorOnly:0 RuntimeOnly:0 HLODRelevant:1
 |   |   |- Guid:8A343A254FCBBF095B2BDEA2CFF1C3C3 BaseClass: NativeClass:/Script/Engine.StaticMeshActor Name:SM_Floor_Slab_UAID_988389A0DE6D9BBA01_1661152093 Label:SM_Floor_Slab_133 SpatiallyLoaded:1 Bounds:IsValid=true, Min=(X=8700.000 Y=4889.998 Z=-0.000), Max=(X=9300.002 Y=5490.000 Z=20.000) RuntimeGrid:None EditorOnly:0 RuntimeOnly:0 HLODRelevant:1
 |   |   |- Guid:9270A51E4AB7D13EF542D6BE64E865C8 BaseClass: NativeClass:/Script/Engine.StaticMeshActor Name:SM_Floor_Slab_UAID_988389A0DE6D9BBA01_1661119068 Label:SM_Floor_Slab_93 SpatiallyLoaded:1 Bounds:IsValid=true, Min=(X=9900.000 Y=7289.998 Z=-0.000), Max=(X=10500.002 Y=7890.000 Z=20.000) RuntimeGrid:None EditorOnly:0 RuntimeOnly:0 HLODRelevant:1
 |   |   |- Guid:947D0F46485E2DFF6A155FB1FD302DFC BaseClass: NativeClass:/Script/Engine.StaticMeshActor Name:SM_Floor_Slab_UAID_988389A0DE6D9BBA01_1661104056 Label:SM_Floor_Slab_79 SpatiallyLoaded:1 Bounds:IsValid=true, Min=(X=11300.000 Y=4889.998 Z=-0.000), Max=(X=11900.002 Y=5490.000 Z=20.000) RuntimeGrid:None EditorOnly:0 RuntimeOnly:0 HLODRelevant:1
 |   |   |- Guid:96519CCC49DD2DEBF2D13187C01DAE30 BaseClass: NativeClass:/Script/Engine.StaticMeshActor Name:SM_Floor_Slab_UAID_988389A0DE6D9BBA01_1661171108 Label:SM_Floor_Slab_123 SpatiallyLoaded:1 Bounds:IsValid=true, Min=(X=10199.999 Y=1789.999 Z=-0.000), Max=(X=10500.000 Y=2390.000 Z=20.000) RuntimeGrid:None EditorOnly:0 RuntimeOnly:0 HLODRelevant:1
 |   |   |- Guid:9ACA94D5471AAB6D4F1725AE2699EDB8 BaseClass: NativeClass:/Script/Engine.StaticMeshActor Name:SM_Floor_Slab_UAID_988389A0DE6D9BBA01_1661123071 Label:SM_Floor_Slab_97 SpatiallyLoaded:1 Bounds:IsValid=true, Min=(X=8700.000 Y=6689.998 Z=-0.000), Max=(X=9300.002 Y=7290.000 Z=20.000) RuntimeGrid:None EditorOnly:0 RuntimeOnly:0 HLODRelevant:1
 |   |   |- Guid:9D7B1181460B5B663E3B5984052A22EF BaseClass: NativeClass:/Script/Engine.StaticMeshActor Name:SM_Floor_Slab_UAID_988389A0DE6D9BBA01_1661156096 Label:SM_Floor_Slab_141 SpatiallyLoaded:1 Bounds:IsValid=true, Min=(X=8300.000 Y=4890.000 Z=-0.000), Max=(X=8700.002 Y=5490.001 Z=20.000) RuntimeGrid:None EditorOnly:0 RuntimeOnly:0 HLODRelevant:1
 |   |   |- Guid:A1A2EEE84428B165162A599A61B74041 BaseClass: NativeClass:/Script/Engine.StaticMeshActor Name:SM_Floor_Slab_UAID_988389A0DE6D9BBA01_1661187120 Label:SM_Floor_Slab_24 SpatiallyLoaded:1 Bounds:IsValid=true, Min=(X=8999.999 Y=-10.001 Z=-0.000), Max=(X=9600.000 Y=590.000 Z=20.000) RuntimeGrid:None EditorOnly:0 RuntimeOnly:0 HLODRelevant:1
 |   |   |- Guid:A5C8D90248F8D3AF4EDDA79B4ADA9F1D BaseClass: NativeClass:/Script/Engine.StaticMeshActor Name:SM_Floor_Slab_UAID_988389A0DE6D9BBA01_1661158098 Label:SM_Floor_Slab_143 SpatiallyLoaded:1 Bounds:IsValid=true, Min=(X=8100.000 Y=3689.998 Z=-0.000), Max=(X=8700.002 Y=4290.000 Z=20.000) RuntimeGrid:None EditorOnly:0 RuntimeOnly:0 HLODRelevant:1
 |   |   |- Guid:AC0C38A142066C2ACB5654911CBAB334 BaseClass: NativeClass:/Script/Engine.StaticMeshActor Name:SM_Floor_Slab_UAID_988389A0DE6D9BBA01_1661094049 Label:SM_Floor_Slab_71 SpatiallyLoaded:1 Bounds:IsValid=true, Min=(X=9900.000 Y=6689.998 Z=-0.000), Max=(X=10500.002 Y=7290.000 Z=20.000) RuntimeGrid:None EditorOnly:0 RuntimeOnly:0 HLODRelevant:1
 |   |   |- Guid:B0EB43A0416EF458F09D89B361F3837A BaseClass: NativeClass:/Script/Engine.StaticMeshActor Name:SM_Floor_Slab_03_UAID_988389A0DE6D9BBA01_1661089048 Label:SM_Floor_Slab_4 SpatiallyLoaded:1 Bounds:IsValid=true, Min=(X=10500.000 Y=289.998 Z=-0.000), Max=(X=11300.014 Y=7290.000 Z=20.000) RuntimeGrid:None EditorOnly:0 RuntimeOnly:0 HLODRelevant:1
 |   |   |- Guid:B3862DCD471C79FDB84FA0A0BD68B153 BaseClass: NativeClass:/Script/Engine.StaticMeshActor Name:SM_Floor_Slab_UAID_988389A0DE6D9BBA01_1661181115 Label:SM_Floor_Slab_150 SpatiallyLoaded:1 Bounds:IsValid=true, Min=(X=8999.999 Y=2389.999 Z=-0.000), Max=(X=9600.000 Y=2990.000 Z=20.000) RuntimeGrid:None EditorOnly:0 RuntimeOnly:0 HLODRelevant:1
 |   |   |- Guid:B785ED2844B84CFB91E7F39FE661CD99 BaseClass: NativeClass:/Script/Engine.DirectionalLight Name:DirectionalLight_0 Label:DirectionalLight SpatiallyLoaded:0 Bounds:IsValid=true, Min=(X=-1048576.000 Y=-1048576.000 Z=-1048576.000), Max=(X=1048576.000 Y=1048576.000 Z=1048576.000) RuntimeGrid:None EditorOnly:0 RuntimeOnly:0 HLODRelevant:0 FolderPath:Lighting FolderGuid:963EC3EB4002CCE9759E2EBA541A873A
 |   |   |- Guid:C544802541D4E9E7C4D7EFBA7C154E20 BaseClass: NativeClass:/Script/Engine.StaticMeshActor Name:SM_Floor_Slab_UAID_988389A0DE6D9BBA01_1661178113 Label:SM_Floor_Slab_148 SpatiallyLoaded:1 Bounds:IsValid=true, Min=(X=9599.999 Y=2989.999 Z=-0.000), Max=(X=10200.000 Y=3590.000 Z=20.000) RuntimeGrid:None EditorOnly:0 RuntimeOnly:0 HLODRelevant:1
 |   |   |- Guid:C97D50AE410898BEBEC46C8BA4B6ED05 BaseClass: NativeClass:/Script/Engine.StaticMeshActor Name:SM_Floor_Slab_UAID_988389A0DE6D9BBA01_1661110061 Label:SM_Floor_Slab_86 SpatiallyLoaded:1 Bounds:IsValid=true, Min=(X=11300.000 Y=3089.998 Z=-0.000), Max=(X=11900.002 Y=3690.000 Z=20.000) RuntimeGrid:None EditorOnly:0 RuntimeOnly:0 HLODRelevant:1
 |   |   |- Guid:CB57CED643EA8428F26BEEB7B3F3DEE5 BaseClass: NativeClass:/Script/Engine.StaticMeshActor Name:SM_Floor_Slab_06_UAID_988389A0DE6D9BBA01_1661164102 Label:SM_Floor_Slab_7 SpatiallyLoaded:1 Bounds:IsValid=true, Min=(X=10199.999 Y=-10.001 Z=-0.000), Max=(X=10500.000 Y=590.000 Z=20.000) RuntimeGrid:None EditorOnly:0 RuntimeOnly:0 HLODRelevant:1
 |   |   |- Guid:CCFF262C46EEFFDF319E7F9539CE697E BaseClass: NativeClass:/Script/Engine.SkyAtmosphere Name:SkyAtmosphere_0 Label:SkyAtmosphere SpatiallyLoaded:0 Bounds:IsValid=true, Min=(X=0.000 Y=0.000 Z=1020.000), Max=(X=0.000 Y=0.000 Z=1020.000) RuntimeGrid:None EditorOnly:0 RuntimeOnly:0 HLODRelevant:0 FolderPath:Lighting FolderGuid:963EC3EB4002CCE9759E2EBA541A873A
 |   |   |- Guid:D397B17C422056C4C30E31A1DC3A6F82 BaseClass: NativeClass:/Script/Engine.StaticMeshActor Name:SM_Floor_Slab_UAID_988389A0DE6D9BBA01_1661182116 Label:SM_Floor_Slab_151 SpatiallyLoaded:1 Bounds:IsValid=true, Min=(X=8999.999 Y=2989.999 Z=-0.000), Max=(X=9600.000 Y=3590.000 Z=20.000) RuntimeGrid:None EditorOnly:0 RuntimeOnly:0 HLODRelevant:1
 |   |   |- Guid:D3C833B34F4D747324FE1BAC2DAB6AA4 BaseClass: NativeClass:/Script/Engine.StaticMeshActor Name:SM_Floor_Slab_UAID_988389A0DE6D9BBA01_1661184117 Label:SM_Floor_Slab_152 SpatiallyLoaded:1 Bounds:IsValid=true, Min=(X=8699.999 Y=1789.999 Z=-0.000), Max=(X=9000.000 Y=2390.000 Z=20.000) RuntimeGrid:None EditorOnly:0 RuntimeOnly:0 HLODRelevant:1
 |   |   |- Guid:D8689ECF40CE64BD67348E9E54B07A86 BaseClass: NativeClass:/Script/Engine.StaticMeshActor Name:SM_Floor_Slab_UAID_988389A0DE6D9BBA01_1661143086 Label:SM_Floor_Slab_115 SpatiallyLoaded:1 Bounds:IsValid=true, Min=(X=9300.000 Y=6089.998 Z=-0.000), Max=(X=9900.002 Y=6690.000 Z=20.000) RuntimeGrid:None EditorOnly:0 RuntimeOnly:0 HLODRelevant:1
 |   |   |- Guid:D886816B4F5F30DF3B3080ADF715719C BaseClass: NativeClass:/Script/Engine.StaticMeshActor Name:SM_Floor_Slab_UAID_988389A0DE6D9BBA01_1661174110 Label:SM_Floor_Slab_125 SpatiallyLoaded:1 Bounds:IsValid=true, Min=(X=10199.999 Y=2989.999 Z=-0.000), Max=(X=10500.000 Y=3590.000 Z=20.000) RuntimeGrid:None EditorOnly:0 RuntimeOnly:0 HLODRelevant:1
 |   |   |- Guid:D9975B264528776BD7156F93A09FA7FB BaseClass: NativeClass:/Script/Engine.StaticMeshActor Name:SM_Floor_Slab_UAID_988389A0DE6D9BBA01_1661117066 Label:SM_Floor_Slab_91 SpatiallyLoaded:1 Bounds:IsValid=true, Min=(X=11299.997 Y=290.000 Z=-0.000), Max=(X=11900.000 Y=690.004 Z=20.000) RuntimeGrid:None EditorOnly:0 RuntimeOnly:0 HLODRelevant:1
 |   |   |- Guid:DA740BA842FB66F169F98D877BD98E6B BaseClass: NativeClass:/Script/Engine.StaticMeshActor Name:SM_Floor_Slab_UAID_988389A0DE6D9BBA01_1661186119 Label:SM_Floor_Slab_154 SpatiallyLoaded:1 Bounds:IsValid=true, Min=(X=8699.999 Y=2989.999 Z=-0.000), Max=(X=9000.000 Y=3590.000 Z=20.000) RuntimeGrid:None EditorOnly:0 RuntimeOnly:0 HLODRelevant:1
 |   |   |- Guid:DBE606F946E9380259FE13B9BFB3DE2C BaseClass: NativeClass:/Script/Engine.StaticMeshActor Name:SM_Floor_Slab_UAID_988389A0DE6D9BBA01_1661129075 Label:SM_Floor_Slab_5 SpatiallyLoaded:1 Bounds:IsValid=true, Min=(X=11900.000 Y=5490.000 Z=-0.000), Max=(X=12300.000 Y=6090.000 Z=20.000) RuntimeGrid:None EditorOnly:0 RuntimeOnly:0 HLODRelevant:1
 |   |   |- Guid:DEB6EAF04D00BC6FB49250B4AAF5091F BaseClass: NativeClass:/Script/Engine.StaticMeshActor Name:SM_Floor_Slab_UAID_988389A0DE6D9BBA01_1661139083 Label:SM_Floor_Slab_112 SpatiallyLoaded:1 Bounds:IsValid=true, Min=(X=11900.000 Y=1890.000 Z=-0.000), Max=(X=12700.000 Y=2490.000 Z=20.000) RuntimeGrid:None EditorOnly:0 RuntimeOnly:0 HLODRelevant:1
 |   |   |- Guid:E142B9C44BAFBB0A306908A43194A564 BaseClass: NativeClass:/Script/Engine.StaticMeshActor Name:SM_Floor_Slab_UAID_988389A0DE6D9BBA01_1661189121 Label:SM_Floor_Slab_155 SpatiallyLoaded:1 Bounds:IsValid=true, Min=(X=8999.999 Y=589.999 Z=-0.000), Max=(X=9600.000 Y=1190.000 Z=20.000) RuntimeGrid:None EditorOnly:0 RuntimeOnly:0 HLODRelevant:1
 |   |   |- Guid:E1C5DA7B410949D62A00DB9C8A9C0D56 BaseClass: NativeClass:/Script/Engine.StaticMeshActor Name:SM_Floor_Slab_UAID_988389A0DE6D9BBA01_1661149091 Label:SM_Floor_Slab_131 SpatiallyLoaded:1 Bounds:IsValid=true, Min=(X=8700.000 Y=6089.998 Z=-0.000), Max=(X=9300.002 Y=6690.000 Z=20.000) RuntimeGrid:None EditorOnly:0 RuntimeOnly:0 HLODRelevant:1
 |   |   |- Guid:E22F15B94FB65C0F3F423CB1963DFA37 BaseClass: NativeClass:/Script/Engine.StaticMeshActor Name:SM_Floor_Slab_UAID_988389A0DE6D9BBA01_1661185118 Label:SM_Floor_Slab_153 SpatiallyLoaded:1 Bounds:IsValid=true, Min=(X=8699.999 Y=2389.999 Z=-0.000), Max=(X=9000.000 Y=2990.000 Z=20.000) RuntimeGrid:None EditorOnly:0 RuntimeOnly:0 HLODRelevant:1
 |   |   |- Guid:E270165449E3973C641995B04F0EF7CD BaseClass: NativeClass:/Script/Engine.StaticMeshActor Name:SM_Floor_Slab_UAID_988389A0DE6D9BBA01_1661162101 Label:SM_Floor_Slab_145 SpatiallyLoaded:1 Bounds:IsValid=true, Min=(X=11300.000 Y=-10.000 Z=-0.000), Max=(X=12100.000 Y=290.000 Z=20.000) RuntimeGrid:None EditorOnly:0 RuntimeOnly:0 HLODRelevant:1
 |   |   |- Guid:E50D687042C4F0A3C8B88491B8ECB415 BaseClass: NativeClass:/Script/Engine.StaticMeshActor Name:SM_Floor_Slab_UAID_988389A0DE6D9BBA01_1661111062 Label:SM_Floor_Slab_87 SpatiallyLoaded:1 Bounds:IsValid=true, Min=(X=11300.000 Y=2489.998 Z=-0.000), Max=(X=11900.002 Y=3090.000 Z=20.000) RuntimeGrid:None EditorOnly:0 RuntimeOnly:0 HLODRelevant:1
 |   |   |- Guid:EC4E0C944CE6AC6E784BC6BB2916EA13 BaseClass: NativeClass:/Script/Engine.StaticMeshActor Name:StaticMeshActor_UAID_A4AE111137DC5EFB00_1110535423 Label:SM_SkySphere SpatiallyLoaded:0 Bounds:IsValid=true, Min=(X=-1638400.000 Y=-1638400.000 Z=-1638400.000), Max=(X=1638400.000 Y=1638400.000 Z=1638400.000) RuntimeGrid:None EditorOnly:0 RuntimeOnly:0 HLODRelevant:1 FolderPath:Lighting FolderGuid:963EC3EB4002CCE9759E2EBA541A873A
 |   |   |- Guid:EDF39ED347F4378FF9F59197FB106F0C BaseClass: NativeClass:/Script/Engine.StaticMeshActor Name:SM_Floor_Slab_UAID_988389A0DE6D9BBA01_1661130076 Label:SM_Floor_Slab_102 SpatiallyLoaded:1 Bounds:IsValid=true, Min=(X=11900.000 Y=4890.000 Z=-0.000), Max=(X=12300.000 Y=5490.000 Z=20.000) RuntimeGrid:None EditorOnly:0 RuntimeOnly:0 HLODRelevant:1
 |   |   |- Guid:EEEDE4EF4EF76303582909B9D24794D2 BaseClass: NativeClass:/Script/Engine.StaticMeshActor Name:SM_Floor_Slab_UAID_988389A0DE6D9BBA01_1661114064 Label:SM_Floor_Slab_89 SpatiallyLoaded:1 Bounds:IsValid=true, Min=(X=11300.000 Y=1289.998 Z=-0.000), Max=(X=11900.002 Y=1890.000 Z=20.000) RuntimeGrid:None EditorOnly:0 RuntimeOnly:0 HLODRelevant:1
 |   |   |- Guid:EF37A39F4FB2F267448FE49B380943F9 BaseClass: NativeClass:/Script/Engine.StaticMeshActor Name:SM_Floor_Slab_UAID_988389A0DE6D9BBA01_1661099053 Label:SM_Floor_Slab_76 SpatiallyLoaded:1 Bounds:IsValid=true, Min=(X=11300.000 Y=6689.998 Z=-0.000), Max=(X=11900.002 Y=7290.000 Z=20.000) RuntimeGrid:None EditorOnly:0 RuntimeOnly:0 HLODRelevant:1
 |   |   |- Guid:EFE859C7444463647B829493C3EAB49B BaseClass: NativeClass:/Script/Engine.StaticMeshActor Name:SM_Floor_Slab_UAID_988389A0DE6D9BBA01_1661120069 Label:SM_Floor_Slab_95 SpatiallyLoaded:1 Bounds:IsValid=true, Min=(X=9300.000 Y=6689.998 Z=-0.000), Max=(X=9900.002 Y=7290.000 Z=20.000) RuntimeGrid:None EditorOnly:0 RuntimeOnly:0 HLODRelevant:1
 |   |   |- Guid:F1924B8D48954B30891B2DB6A694F9CC BaseClass: NativeClass:/Script/Engine.StaticMeshActor Name:StaticMeshActor_1 Label:SM_Cube SpatiallyLoaded:1 Bounds:IsValid=true, Min=(X=0.000 Y=0.000 Z=-100.000), Max=(X=20000.000 Y=20000.000 Z=0.000) RuntimeGrid:None EditorOnly:0 RuntimeOnly:0 HLODRelevant:1 FolderPath:Playground FolderGuid:C73F09FC4215536B1DCE2A9E0A830C70
 |   |   |- Guid:F5E3FEB3450C49844FD93DA8E083C8AD BaseClass: NativeClass:/Script/Engine.PostProcessVolume Name:PostProcessVolume_0 Label:PostProcessVolume SpatiallyLoaded:0 Bounds:IsValid=true, Min=(X=0.000 Y=0.000 Z=400.000), Max=(X=200.000 Y=200.000 Z=600.000) RuntimeGrid:None EditorOnly:0 RuntimeOnly:0 HLODRelevant:0 FolderPath:Lighting FolderGuid:963EC3EB4002CCE9759E2EBA541A873A
 |   |   |- Guid:F8CB519745BDD8C5A284059020AE7E22 BaseClass: NativeClass:/Script/Engine.StaticMeshActor Name:SM_Floor_Slab_UAID_988389A0DE6D9BBA01_1661138082 Label:SM_Floor_Slab_111 SpatiallyLoaded:1 Bounds:IsValid=true, Min=(X=11900.000 Y=2490.000 Z=-0.000), Max=(X=12700.000 Y=3090.000 Z=20.000) RuntimeGrid:None EditorOnly:0 RuntimeOnly:0 HLODRelevant:1
 |   |   |- Guid:FCE1F0C44BADA32C7F7E898C1758B6FA BaseClass: NativeClass:/Script/Engine.StaticMeshActor Name:SM_Floor_Slab_UAID_988389A0DE6D9BBA01_1661135080 Label:SM_Floor_Slab_109 SpatiallyLoaded:1 Bounds:IsValid=true, Min=(X=11900.000 Y=3690.000 Z=-0.000), Max=(X=12700.000 Y=4284.000 Z=20.000) RuntimeGrid:None EditorOnly:0 RuntimeOnly:0 HLODRelevant:1
 |   |   |- Guid:FD3D171846454987CB1257B749A9A940 BaseClass: NativeClass:/Script/Engine.StaticMeshActor Name:SM_Floor_Slab_UAID_988389A0DE6D9BBA01_1661140084 Label:SM_Floor_Slab_113 SpatiallyLoaded:1 Bounds:IsValid=true, Min=(X=11900.000 Y=1290.000 Z=-0.000), Max=(X=12700.000 Y=1890.000 Z=20.000) RuntimeGrid:None EditorOnly:0 RuntimeOnly:0 HLODRelevant:1
 |   |   |- Guid:FD69C46B41F470A87EA0BAAC2F7C9F01 BaseClass: NativeClass:/Script/Engine.StaticMeshActor Name:SM_Floor_Slab_UAID_988389A0DE6D9BBA01_1661192124 Label:SM_Floor_Slab_157 SpatiallyLoaded:1 Bounds:IsValid=true, Min=(X=9000.000 Y=3589.998 Z=-0.000), Max=(X=9600.000 Y=3690.000 Z=20.000) RuntimeGrid:None EditorOnly:0 RuntimeOnly:0 HLODRelevant:1
 |   |- [+] Clusters:
 |   |   |- [+] [  0]
 |   |   |   |- Guid:6BAF4DDD444C60371492D3919DB42C97 BaseClass: NativeClass:/Script/Engine.WorldDataLayers Name:WorldDataLayers Label:WorldDataLayers SpatiallyLoaded:0 Bounds:IsValid=true, Min=(X=0.000 Y=0.000 Z=0.000), Max=(X=0.000 Y=0.000 Z=0.000) RuntimeGrid:None EditorOnly:0 RuntimeOnly:0 HLODRelevant:0
 |   |   |- [+] [  1]
 |   |   |   |- Guid:110088DD417462770A5D8E9841209662 BaseClass: NativeClass:/Script/Engine.StaticMeshActor Name:SM_Floor_Slab_UAID_988389A0DE6D9BBA01_1661195126 Label:SM_Floor_Slab_158 SpatiallyLoaded:1 Bounds:IsValid=true, Min=(X=8700.000 Y=3589.999 Z=-0.000), Max=(X=9000.000 Y=3690.000 Z=20.000) RuntimeGrid:None EditorOnly:0 RuntimeOnly:0 HLODRelevant:1
 |   |   |- [+] [  2]
 |   |   |   |- Guid:77A8F13648364001A84B7A9850C2A2E8 BaseClass: NativeClass:/Script/Engine.StaticMeshActor Name:SM_Floor_Slab_08_UAID_988389A0DE6D9BBA01_1661194125 Label:SM_Floor_Slab_9 SpatiallyLoaded:1 Bounds:IsValid=true, Min=(X=10200.000 Y=3589.999 Z=-0.000), Max=(X=10500.000 Y=3690.000 Z=20.000) RuntimeGrid:None EditorOnly:0 RuntimeOnly:0 HLODRelevant:1
 |   |   |- [+] [  3]
 |   |   |   |- Guid:FD69C46B41F470A87EA0BAAC2F7C9F01 BaseClass: NativeClass:/Script/Engine.StaticMeshActor Name:SM_Floor_Slab_UAID_988389A0DE6D9BBA01_1661192124 Label:SM_Floor_Slab_157 SpatiallyLoaded:1 Bounds:IsValid=true, Min=(X=9000.000 Y=3589.998 Z=-0.000), Max=(X=9600.000 Y=3690.000 Z=20.000) RuntimeGrid:None EditorOnly:0 RuntimeOnly:0 HLODRelevant:1
 |   |   |- [+] [  4]
 |   |   |   |- Guid:F5E3FEB3450C49844FD93DA8E083C8AD BaseClass: NativeClass:/Script/Engine.PostProcessVolume Name:PostProcessVolume_0 Label:PostProcessVolume SpatiallyLoaded:0 Bounds:IsValid=true, Min=(X=0.000 Y=0.000 Z=400.000), Max=(X=200.000 Y=200.000 Z=600.000) RuntimeGrid:None EditorOnly:0 RuntimeOnly:0 HLODRelevant:0 FolderPath:Lighting FolderGuid:963EC3EB4002CCE9759E2EBA541A873A
 |   |   |- [+] [  5]
 |   |   |   |- Guid:5B97F4A64FB21F77EFC44386BF705B4C BaseClass: NativeClass:/Script/Engine.TextRenderActor Name:TextRenderActor_1 Label:TextRenderActor SpatiallyLoaded:1 Bounds:IsValid=true, Min=(X=-0.100 Y=1100.000 Z=65.013), Max=(X=-0.100 Y=2392.308 Z=215.013) RuntimeGrid:None EditorOnly:0 RuntimeOnly:0 HLODRelevant:0
 |   |   |- [+] [  6]
 |   |   |   |- Guid:7802C40748D6EE179C564C96DCBAE211 BaseClass: NativeClass:/Script/Engine.StaticMeshActor Name:SM_Floor_Slab_07_UAID_988389A0DE6D9BBA01_1661191123 Label:SM_Floor_Slab_8 SpatiallyLoaded:1 Bounds:IsValid=true, Min=(X=9600.000 Y=3589.998 Z=-0.000), Max=(X=10200.000 Y=3690.000 Z=20.000) RuntimeGrid:None EditorOnly:0 RuntimeOnly:0 HLODRelevant:1
 |   |   |- [+] [  7]
 |   |   |   |- Guid:280514A14EB9E0B732B2678DE5AC176C BaseClass: NativeClass:/Script/Engine.StaticMeshActor Name:SM_Floor_Slab_UAID_988389A0DE6D9BBA01_1661190122 Label:SM_Floor_Slab_156 SpatiallyLoaded:1 Bounds:IsValid=true, Min=(X=8999.999 Y=1189.999 Z=-0.000), Max=(X=9600.000 Y=1790.000 Z=20.000) RuntimeGrid:None EditorOnly:0 RuntimeOnly:0 HLODRelevant:1
 |   |   |- [+] [  8]
 |   |   |   |- Guid:E142B9C44BAFBB0A306908A43194A564 BaseClass: NativeClass:/Script/Engine.StaticMeshActor Name:SM_Floor_Slab_UAID_988389A0DE6D9BBA01_1661189121 Label:SM_Floor_Slab_155 SpatiallyLoaded:1 Bounds:IsValid=true, Min=(X=8999.999 Y=589.999 Z=-0.000), Max=(X=9600.000 Y=1190.000 Z=20.000) RuntimeGrid:None EditorOnly:0 RuntimeOnly:0 HLODRelevant:1
 |   |   |- [+] [  9]
 |   |   |   |- Guid:A1A2EEE84428B165162A599A61B74041 BaseClass: NativeClass:/Script/Engine.StaticMeshActor Name:SM_Floor_Slab_UAID_988389A0DE6D9BBA01_1661187120 Label:SM_Floor_Slab_24 SpatiallyLoaded:1 Bounds:IsValid=true, Min=(X=8999.999 Y=-10.001 Z=-0.000), Max=(X=9600.000 Y=590.000 Z=20.000) RuntimeGrid:None EditorOnly:0 RuntimeOnly:0 HLODRelevant:1
 |   |   |- [+] [ 10]
 |   |   |   |- Guid:DA740BA842FB66F169F98D877BD98E6B BaseClass: NativeClass:/Script/Engine.StaticMeshActor Name:SM_Floor_Slab_UAID_988389A0DE6D9BBA01_1661186119 Label:SM_Floor_Slab_154 SpatiallyLoaded:1 Bounds:IsValid=true, Min=(X=8699.999 Y=2989.999 Z=-0.000), Max=(X=9000.000 Y=3590.000 Z=20.000) RuntimeGrid:None EditorOnly:0 RuntimeOnly:0 HLODRelevant:1
 |   |   |- [+] [ 11]
 |   |   |   |- Guid:E22F15B94FB65C0F3F423CB1963DFA37 BaseClass: NativeClass:/Script/Engine.StaticMeshActor Name:SM_Floor_Slab_UAID_988389A0DE6D9BBA01_1661185118 Label:SM_Floor_Slab_153 SpatiallyLoaded:1 Bounds:IsValid=true, Min=(X=8699.999 Y=2389.999 Z=-0.000), Max=(X=9000.000 Y=2990.000 Z=20.000) RuntimeGrid:None EditorOnly:0 RuntimeOnly:0 HLODRelevant:1
 |   |   |- [+] [ 12]
 |   |   |   |- Guid:4D3BE93F4146AAAC8BBE79999D96D57F BaseClass: NativeClass:/Script/Engine.VolumetricCloud Name:VolumetricCloud_0 Label:VolumetricCloud SpatiallyLoaded:0 Bounds:IsValid=true, Min=(X=0.000 Y=0.000 Z=820.000), Max=(X=0.000 Y=0.000 Z=820.000) RuntimeGrid:None EditorOnly:0 RuntimeOnly:0 HLODRelevant:0 FolderPath:Lighting FolderGuid:963EC3EB4002CCE9759E2EBA541A873A
 |   |   |- [+] [ 13]
 |   |   |   |- Guid:D3C833B34F4D747324FE1BAC2DAB6AA4 BaseClass: NativeClass:/Script/Engine.StaticMeshActor Name:SM_Floor_Slab_UAID_988389A0DE6D9BBA01_1661184117 Label:SM_Floor_Slab_152 SpatiallyLoaded:1 Bounds:IsValid=true, Min=(X=8699.999 Y=1789.999 Z=-0.000), Max=(X=9000.000 Y=2390.000 Z=20.000) RuntimeGrid:None EditorOnly:0 RuntimeOnly:0 HLODRelevant:1
 |   |   |- [+] [ 14]
 |   |   |   |- Guid:D397B17C422056C4C30E31A1DC3A6F82 BaseClass: NativeClass:/Script/Engine.StaticMeshActor Name:SM_Floor_Slab_UAID_988389A0DE6D9BBA01_1661182116 Label:SM_Floor_Slab_151 SpatiallyLoaded:1 Bounds:IsValid=true, Min=(X=8999.999 Y=2989.999 Z=-0.000), Max=(X=9600.000 Y=3590.000 Z=20.000) RuntimeGrid:None EditorOnly:0 RuntimeOnly:0 HLODRelevant:1
 |   |   |- [+] [ 15]
 |   |   |   |- Guid:B3862DCD471C79FDB84FA0A0BD68B153 BaseClass: NativeClass:/Script/Engine.StaticMeshActor Name:SM_Floor_Slab_UAID_988389A0DE6D9BBA01_1661181115 Label:SM_Floor_Slab_150 SpatiallyLoaded:1 Bounds:IsValid=true, Min=(X=8999.999 Y=2389.999 Z=-0.000), Max=(X=9600.000 Y=2990.000 Z=20.000) RuntimeGrid:None EditorOnly:0 RuntimeOnly:0 HLODRelevant:1
 |   |   |- [+] [ 16]
 |   |   |   |- Guid:CCFF262C46EEFFDF319E7F9539CE697E BaseClass: NativeClass:/Script/Engine.SkyAtmosphere Name:SkyAtmosphere_0 Label:SkyAtmosphere SpatiallyLoaded:0 Bounds:IsValid=true, Min=(X=0.000 Y=0.000 Z=1020.000), Max=(X=0.000 Y=0.000 Z=1020.000) RuntimeGrid:None EditorOnly:0 RuntimeOnly:0 HLODRelevant:0 FolderPath:Lighting FolderGuid:963EC3EB4002CCE9759E2EBA541A873A
 |   |   |- [+] [ 17]
 |   |   |   |- Guid:EC4E0C944CE6AC6E784BC6BB2916EA13 BaseClass: NativeClass:/Script/Engine.StaticMeshActor Name:StaticMeshActor_UAID_A4AE111137DC5EFB00_1110535423 Label:SM_SkySphere SpatiallyLoaded:0 Bounds:IsValid=true, Min=(X=-1638400.000 Y=-1638400.000 Z=-1638400.000), Max=(X=1638400.000 Y=1638400.000 Z=1638400.000) RuntimeGrid:None EditorOnly:0 RuntimeOnly:0 HLODRelevant:1 FolderPath:Lighting FolderGuid:963EC3EB4002CCE9759E2EBA541A873A
 |   |   |- [+] [ 18]
 |   |   |   |- Guid:3D2401CF46103BA8DA329DA01C868050 BaseClass: NativeClass:/Script/Engine.StaticMeshActor Name:SM_Floor_Slab_UAID_988389A0DE6D9BBA01_1661180114 Label:SM_Floor_Slab_149 SpatiallyLoaded:1 Bounds:IsValid=true, Min=(X=8999.999 Y=1789.999 Z=-0.000), Max=(X=9600.000 Y=2390.000 Z=20.000) RuntimeGrid:None EditorOnly:0 RuntimeOnly:0 HLODRelevant:1
 |   |   |- [+] [ 19]
 |   |   |   |- Guid:C544802541D4E9E7C4D7EFBA7C154E20 BaseClass: NativeClass:/Script/Engine.StaticMeshActor Name:SM_Floor_Slab_UAID_988389A0DE6D9BBA01_1661178113 Label:SM_Floor_Slab_148 SpatiallyLoaded:1 Bounds:IsValid=true, Min=(X=9599.999 Y=2989.999 Z=-0.000), Max=(X=10200.000 Y=3590.000 Z=20.000) RuntimeGrid:None EditorOnly:0 RuntimeOnly:0 HLODRelevant:1
 |   |   |- [+] [ 20]
 |   |   |   |- Guid:005309284F66DB91882EE8B63E854B1A BaseClass: NativeClass:/Script/Engine.StaticMeshActor Name:SM_Floor_Slab_UAID_988389A0DE6D9BBA01_1661177112 Label:SM_Floor_Slab_147 SpatiallyLoaded:1 Bounds:IsValid=true, Min=(X=9599.999 Y=2389.999 Z=-0.000), Max=(X=10200.000 Y=2990.000 Z=20.000) RuntimeGrid:None EditorOnly:0 RuntimeOnly:0 HLODRelevant:1
 |   |   |- [+] [ 21]
 |   |   |   |- Guid:15AED7694E218C503C7EAA90C007F1D4 BaseClass: NativeClass:/Script/Engine.StaticMeshActor Name:SM_Floor_Slab_UAID_988389A0DE6D9BBA01_1661175111 Label:SM_Floor_Slab_146 SpatiallyLoaded:1 Bounds:IsValid=true, Min=(X=9599.999 Y=1789.999 Z=-0.000), Max=(X=10200.000 Y=2390.000 Z=20.000) RuntimeGrid:None EditorOnly:0 RuntimeOnly:0 HLODRelevant:1
 |   |   |- [+] [ 22]
 |   |   |   |- Guid:D886816B4F5F30DF3B3080ADF715719C BaseClass: NativeClass:/Script/Engine.StaticMeshActor Name:SM_Floor_Slab_UAID_988389A0DE6D9BBA01_1661174110 Label:SM_Floor_Slab_125 SpatiallyLoaded:1 Bounds:IsValid=true, Min=(X=10199.999 Y=2989.999 Z=-0.000), Max=(X=10500.000 Y=3590.000 Z=20.000) RuntimeGrid:None EditorOnly:0 RuntimeOnly:0 HLODRelevant:1
 |   |   |- [+] [ 23]
 |   |   |   |- Guid:1B8CD0F749340F047D58D883DA691161 BaseClass: NativeClass:/Script/Engine.StaticMeshActor Name:SM_Floor_Slab_UAID_988389A0DE6D9BBA01_1661173109 Label:SM_Floor_Slab_124 SpatiallyLoaded:1 Bounds:IsValid=true, Min=(X=10199.999 Y=2389.999 Z=-0.000), Max=(X=10500.000 Y=2990.000 Z=20.000) RuntimeGrid:None EditorOnly:0 RuntimeOnly:0 HLODRelevant:1
 |   |   |- [+] [ 24]
 |   |   |   |- Guid:B785ED2844B84CFB91E7F39FE661CD99 BaseClass: NativeClass:/Script/Engine.DirectionalLight Name:DirectionalLight_0 Label:DirectionalLight SpatiallyLoaded:0 Bounds:IsValid=true, Min=(X=-1048576.000 Y=-1048576.000 Z=-1048576.000), Max=(X=1048576.000 Y=1048576.000 Z=1048576.000) RuntimeGrid:None EditorOnly:0 RuntimeOnly:0 HLODRelevant:0 FolderPath:Lighting FolderGuid:963EC3EB4002CCE9759E2EBA541A873A
 |   |   |- [+] [ 25]
 |   |   |   |- Guid:6E4C6FD64BD25F34E5ACF186F18EEBAD BaseClass: NativeClass:/Script/Engine.StaticMeshActor Name:StaticMeshActor_UAID_988389A0DE6D9BBA01_1111529968 Label:WallBundle_1 SpatiallyLoaded:1 Bounds:IsValid=true, Min=(X=0.000 Y=0.000 Z=0.000), Max=(X=0.000 Y=0.000 Z=0.000) RuntimeGrid:None EditorOnly:0 RuntimeOnly:0 HLODRelevant:0
 |   |   |- [+] [ 26]
 |   |   |   |- Guid:96519CCC49DD2DEBF2D13187C01DAE30 BaseClass: NativeClass:/Script/Engine.StaticMeshActor Name:SM_Floor_Slab_UAID_988389A0DE6D9BBA01_1661171108 Label:SM_Floor_Slab_123 SpatiallyLoaded:1 Bounds:IsValid=true, Min=(X=10199.999 Y=1789.999 Z=-0.000), Max=(X=10500.000 Y=2390.000 Z=20.000) RuntimeGrid:None EditorOnly:0 RuntimeOnly:0 HLODRelevant:1
 |   |   |- [+] [ 27]
 |   |   |   |- Guid:4D869B7B468478A09600D0A0423A548E BaseClass: NativeClass:/Script/Engine.StaticMeshActor Name:SM_Floor_Slab_UAID_988389A0DE6D9BBA01_1661170107 Label:SM_Floor_Slab_23 SpatiallyLoaded:1 Bounds:IsValid=true, Min=(X=9599.999 Y=1189.999 Z=-0.000), Max=(X=10200.000 Y=1790.000 Z=20.000) RuntimeGrid:None EditorOnly:0 RuntimeOnly:0 HLODRelevant:1
 |   |   |- [+] [ 28]
 |   |   |   |- Guid:7CEB3D8045441F90718C65AA32173E5E BaseClass: NativeClass:/Script/Engine.StaticMeshActor Name:SM_Floor_Slab_UAID_988389A0DE6D9BBA01_1661169106 Label:SM_Floor_Slab_22 SpatiallyLoaded:1 Bounds:IsValid=true, Min=(X=9599.999 Y=589.999 Z=-0.000), Max=(X=10200.000 Y=1190.000 Z=20.000) RuntimeGrid:None EditorOnly:0 RuntimeOnly:0 HLODRelevant:1
 |   |   |- [+] [ 29]
 |   |   |   |- Guid:388B6CC24609AFF13B07608412E18A4F BaseClass: NativeClass:/Script/Engine.StaticMeshActor Name:SM_Floor_Slab_UAID_988389A0DE6D9BBA01_1661167105 Label:SM_Floor_Slab_18 SpatiallyLoaded:1 Bounds:IsValid=true, Min=(X=9599.999 Y=-10.001 Z=-0.000), Max=(X=10200.000 Y=590.000 Z=20.000) RuntimeGrid:None EditorOnly:0 RuntimeOnly:0 HLODRelevant:1
 |   |   |- [+] [ 30]
 |   |   |   |- Guid:316CF2A6494ACA4C0E4180A87D36AB8F BaseClass: NativeClass:/Script/Engine.ExponentialHeightFog Name:ExponentialHeightFog_0 Label:ExponentialHeightFog SpatiallyLoaded:0 Bounds:IsValid=true, Min=(X=-5600.000 Y=-50.000 Z=-6850.000), Max=(X=-5600.000 Y=-50.000 Z=-6850.000) RuntimeGrid:None EditorOnly:0 RuntimeOnly:0 HLODRelevant:0 FolderPath:Lighting FolderGuid:963EC3EB4002CCE9759E2EBA541A873A
 |   |   |- [+] [ 31]
 |   |   |   |- Guid:F1924B8D48954B30891B2DB6A694F9CC BaseClass: NativeClass:/Script/Engine.StaticMeshActor Name:StaticMeshActor_1 Label:SM_Cube SpatiallyLoaded:1 Bounds:IsValid=true, Min=(X=0.000 Y=0.000 Z=-100.000), Max=(X=20000.000 Y=20000.000 Z=0.000) RuntimeGrid:None EditorOnly:0 RuntimeOnly:0 HLODRelevant:1 FolderPath:Playground FolderGuid:C73F09FC4215536B1DCE2A9E0A830C70
 |   |   |- [+] [ 32]
 |   |   |   |- Guid:621EB0214D07EF09A10EBAB8F040C612 BaseClass: NativeClass:/Script/Engine.StaticMeshActor Name:SM_Floor_Slab_UAID_988389A0DE6D9BBA01_1661166104 Label:SM_Floor_Slab_17 SpatiallyLoaded:1 Bounds:IsValid=true, Min=(X=10199.999 Y=1189.999 Z=-0.000), Max=(X=10500.000 Y=1790.000 Z=20.000) RuntimeGrid:None EditorOnly:0 RuntimeOnly:0 HLODRelevant:1
 |   |   |- [+] [ 33]
 |   |   |   |- Guid:42C679F34892679443172B89AEFB2191 BaseClass: NativeClass:/Script/Engine.StaticMeshActor Name:SM_Floor_Slab_UAID_988389A0DE6D9BBA01_1661165103 Label:SM_Floor_Slab_16 SpatiallyLoaded:1 Bounds:IsValid=true, Min=(X=10199.999 Y=589.999 Z=-0.000), Max=(X=10500.000 Y=1190.000 Z=20.000) RuntimeGrid:None EditorOnly:0 RuntimeOnly:0 HLODRelevant:1
 |   |   |- [+] [ 34]
 |   |   |   |- Guid:CB57CED643EA8428F26BEEB7B3F3DEE5 BaseClass: NativeClass:/Script/Engine.StaticMeshActor Name:SM_Floor_Slab_06_UAID_988389A0DE6D9BBA01_1661164102 Label:SM_Floor_Slab_7 SpatiallyLoaded:1 Bounds:IsValid=true, Min=(X=10199.999 Y=-10.001 Z=-0.000), Max=(X=10500.000 Y=590.000 Z=20.000) RuntimeGrid:None EditorOnly:0 RuntimeOnly:0 HLODRelevant:1
 |   |   |- [+] [ 35]
 |   |   |   |- Guid:E270165449E3973C641995B04F0EF7CD BaseClass: NativeClass:/Script/Engine.StaticMeshActor Name:SM_Floor_Slab_UAID_988389A0DE6D9BBA01_1661162101 Label:SM_Floor_Slab_145 SpatiallyLoaded:1 Bounds:IsValid=true, Min=(X=11300.000 Y=-10.000 Z=-0.000), Max=(X=12100.000 Y=290.000 Z=20.000) RuntimeGrid:None EditorOnly:0 RuntimeOnly:0 HLODRelevant:1
 |   |   |- [+] [ 36]
 |   |   |   |- Guid:23A6008A44D5DDE3F15DB5BE86546A44 BaseClass: NativeClass:/Script/Engine.StaticMeshActor Name:SM_Floor_Slab_UAID_988389A0DE6D9BBA01_1661161100 Label:SM_Floor_Slab_122 SpatiallyLoaded:1 Bounds:IsValid=true, Min=(X=11899.997 Y=290.000 Z=-0.000), Max=(X=12500.000 Y=690.004 Z=20.000) RuntimeGrid:None EditorOnly:0 RuntimeOnly:0 HLODRelevant:1
 |   |   |- [+] [ 37]
 |   |   |   |- Guid:474F14C547EFBA9288824C8ECBB379F3 BaseClass: NativeClass:/Script/Engine.StaticMeshActor Name:SM_Floor_Slab_UAID_988389A0DE6D9BBA01_1661160099 Label:SM_Floor_Slab_144 SpatiallyLoaded:1 Bounds:IsValid=true, Min=(X=10500.000 Y=-10.000 Z=-0.000), Max=(X=11300.000 Y=290.000 Z=20.000) RuntimeGrid:None EditorOnly:0 RuntimeOnly:0 HLODRelevant:1
 |   |   |- [+] [ 38]
 |   |   |   |- Guid:2FB58999456391D349DC0F86DAC136ED BaseClass: NativeClass:/Script/Engine.SkyLight Name:SkyLight_1 Label:SkyLight SpatiallyLoaded:0 Bounds:IsValid=true, Min=(X=0.000 Y=0.000 Z=690.000), Max=(X=0.000 Y=0.000 Z=690.000) RuntimeGrid:None EditorOnly:0 RuntimeOnly:0 HLODRelevant:0 FolderPath:Lighting FolderGuid:963EC3EB4002CCE9759E2EBA541A873A
 |   |   |- [+] [ 39]
 |   |   |   |- Guid:A5C8D90248F8D3AF4EDDA79B4ADA9F1D BaseClass: NativeClass:/Script/Engine.StaticMeshActor Name:SM_Floor_Slab_UAID_988389A0DE6D9BBA01_1661158098 Label:SM_Floor_Slab_143 SpatiallyLoaded:1 Bounds:IsValid=true, Min=(X=8100.000 Y=3689.998 Z=-0.000), Max=(X=8700.002 Y=4290.000 Z=20.000) RuntimeGrid:None EditorOnly:0 RuntimeOnly:0 HLODRelevant:1
 |   |   |- [+] [ 40]
 |   |   |   |- Guid:4A9237674476F0C4B4FA0582613F2824 BaseClass: NativeClass:/Script/Engine.StaticMeshActor Name:SM_Floor_Slab_UAID_988389A0DE6D9BBA01_1661157097 Label:SM_Floor_Slab_142 SpatiallyLoaded:1 Bounds:IsValid=true, Min=(X=8300.000 Y=4290.000 Z=-0.000), Max=(X=8700.002 Y=4890.001 Z=20.000) RuntimeGrid:None EditorOnly:0 RuntimeOnly:0 HLODRelevant:1
 |   |   |- [+] [ 41]
 |   |   |   |- Guid:9D7B1181460B5B663E3B5984052A22EF BaseClass: NativeClass:/Script/Engine.StaticMeshActor Name:SM_Floor_Slab_UAID_988389A0DE6D9BBA01_1661156096 Label:SM_Floor_Slab_141 SpatiallyLoaded:1 Bounds:IsValid=true, Min=(X=8300.000 Y=4890.000 Z=-0.000), Max=(X=8700.002 Y=5490.001 Z=20.000) RuntimeGrid:None EditorOnly:0 RuntimeOnly:0 HLODRelevant:1
 |   |   |- [+] [ 42]
 |   |   |   |- Guid:2049C4B04675C162E8D8A392A36705F8 BaseClass: NativeClass:/Script/Engine.StaticMeshActor Name:SM_Floor_Slab_UAID_988389A0DE6D9BBA01_1661154095 Label:SM_Floor_Slab_140 SpatiallyLoaded:1 Bounds:IsValid=true, Min=(X=8700.000 Y=3689.998 Z=-0.000), Max=(X=9300.002 Y=4290.000 Z=20.000) RuntimeGrid:None EditorOnly:0 RuntimeOnly:0 HLODRelevant:1
 |   |   |- [+] [ 43]
 |   |   |   |- Guid:0E1F366E4270C623B8E44994E0B9EEDA BaseClass: NativeClass:/Script/Engine.StaticMeshActor Name:SM_Floor_Slab_UAID_988389A0DE6D9BBA01_1661153094 Label:SM_Floor_Slab_134 SpatiallyLoaded:1 Bounds:IsValid=true, Min=(X=8700.000 Y=4289.998 Z=-0.000), Max=(X=9300.002 Y=4890.000 Z=20.000) RuntimeGrid:None EditorOnly:0 RuntimeOnly:0 HLODRelevant:1
 |   |   |- [+] [ 44]
 |   |   |   |- Guid:8A343A254FCBBF095B2BDEA2CFF1C3C3 BaseClass: NativeClass:/Script/Engine.StaticMeshActor Name:SM_Floor_Slab_UAID_988389A0DE6D9BBA01_1661152093 Label:SM_Floor_Slab_133 SpatiallyLoaded:1 Bounds:IsValid=true, Min=(X=8700.000 Y=4889.998 Z=-0.000), Max=(X=9300.002 Y=5490.000 Z=20.000) RuntimeGrid:None EditorOnly:0 RuntimeOnly:0 HLODRelevant:1
 |   |   |- [+] [ 45]
 |   |   |   |- Guid:6B5ED9F74241B4C8AE5820AEF099CA88 BaseClass: NativeClass:/Script/Engine.StaticMeshActor Name:SM_Floor_Slab_UAID_988389A0DE6D9BBA01_1661150092 Label:SM_Floor_Slab_132 SpatiallyLoaded:1 Bounds:IsValid=true, Min=(X=8700.000 Y=5489.998 Z=-0.000), Max=(X=9300.002 Y=6090.000 Z=20.000) RuntimeGrid:None EditorOnly:0 RuntimeOnly:0 HLODRelevant:1
 |   |   |- [+] [ 46]
 |   |   |   |- Guid:E1C5DA7B410949D62A00DB9C8A9C0D56 BaseClass: NativeClass:/Script/Engine.StaticMeshActor Name:SM_Floor_Slab_UAID_988389A0DE6D9BBA01_1661149091 Label:SM_Floor_Slab_131 SpatiallyLoaded:1 Bounds:IsValid=true, Min=(X=8700.000 Y=6089.998 Z=-0.000), Max=(X=9300.002 Y=6690.000 Z=20.000) RuntimeGrid:None EditorOnly:0 RuntimeOnly:0 HLODRelevant:1
 |   |   |- [+] [ 47]
 |   |   |   |- Guid:5C04CDE543E204B7F19F16AE6DB1D5D8 BaseClass: NativeClass:/Script/Engine.StaticMeshActor Name:SM_Floor_Slab_UAID_988389A0DE6D9BBA01_1661148090 Label:SM_Floor_Slab_119 SpatiallyLoaded:1 Bounds:IsValid=true, Min=(X=9300.000 Y=3689.998 Z=-0.000), Max=(X=9900.002 Y=4290.000 Z=20.000) RuntimeGrid:None EditorOnly:0 RuntimeOnly:0 HLODRelevant:1
 |   |   |- [+] [ 48]
 |   |   |   |- Guid:75D73FC04DF498D26E477E83B1978CED BaseClass: NativeClass:/Script/Engine.StaticMeshActor Name:SM_Floor_Slab_UAID_988389A0DE6D9BBA01_1661147089 Label:SM_Floor_Slab_118 SpatiallyLoaded:1 Bounds:IsValid=true, Min=(X=9300.000 Y=4289.998 Z=-0.000), Max=(X=9900.002 Y=4890.000 Z=20.000) RuntimeGrid:None EditorOnly:0 RuntimeOnly:0 HLODRelevant:1
 |   |   |- [+] [ 49]
 |   |   |   |- Guid:3B555AA84A72027812386485C3E83082 BaseClass: NativeClass:/Script/Engine.StaticMeshActor Name:SM_Floor_Slab_UAID_988389A0DE6D9BBA01_1661145088 Label:SM_Floor_Slab_117 SpatiallyLoaded:1 Bounds:IsValid=true, Min=(X=9300.000 Y=4889.998 Z=-0.000), Max=(X=9900.002 Y=5490.000 Z=20.000) RuntimeGrid:None EditorOnly:0 RuntimeOnly:0 HLODRelevant:1
 |   |   |- [+] [ 50]
 |   |   |   |- Guid:2682CA4345C11AAAD36C86849932BDC4 BaseClass: NativeClass:/Script/Engine.StaticMeshActor Name:SM_Floor_Slab_UAID_988389A0DE6D9BBA01_1661144087 Label:SM_Floor_Slab_116 SpatiallyLoaded:1 Bounds:IsValid=true, Min=(X=9300.000 Y=5489.998 Z=-0.000), Max=(X=9900.002 Y=6090.000 Z=20.000) RuntimeGrid:None EditorOnly:0 RuntimeOnly:0 HLODRelevant:1
 |   |   |- [+] [ 51]
 |   |   |   |- Guid:D8689ECF40CE64BD67348E9E54B07A86 BaseClass: NativeClass:/Script/Engine.StaticMeshActor Name:SM_Floor_Slab_UAID_988389A0DE6D9BBA01_1661143086 Label:SM_Floor_Slab_115 SpatiallyLoaded:1 Bounds:IsValid=true, Min=(X=9300.000 Y=6089.998 Z=-0.000), Max=(X=9900.002 Y=6690.000 Z=20.000) RuntimeGrid:None EditorOnly:0 RuntimeOnly:0 HLODRelevant:1
 |   |   |- [+] [ 52]
 |   |   |   |- Guid:6C53B515475FF0F9F1B138A67A0D8F45 BaseClass: NativeClass:/Script/Engine.Actor Name:Actor_UAID_988389A0DE6D9ABA01_2136095791 Label:Actor SpatiallyLoaded:1 Bounds:IsValid=true, Min=(X=0.000 Y=0.000 Z=0.000), Max=(X=0.000 Y=0.000 Z=0.000) RuntimeGrid:None EditorOnly:0 RuntimeOnly:0 HLODRelevant:0
 |   |   |- [+] [ 53]
 |   |   |   |- Guid:48C2AE084FC84E7828170289AEF9212E BaseClass: NativeClass:/Script/Engine.StaticMeshActor Name:SM_Floor_Slab_UAID_988389A0DE6D9BBA01_1661141085 Label:SM_Floor_Slab_114 SpatiallyLoaded:1 Bounds:IsValid=true, Min=(X=11900.000 Y=690.000 Z=-0.000), Max=(X=12700.000 Y=1290.000 Z=20.000) RuntimeGrid:None EditorOnly:0 RuntimeOnly:0 HLODRelevant:1
 |   |   |- [+] [ 54]
 |   |   |   |- Guid:FD3D171846454987CB1257B749A9A940 BaseClass: NativeClass:/Script/Engine.StaticMeshActor Name:SM_Floor_Slab_UAID_988389A0DE6D9BBA01_1661140084 Label:SM_Floor_Slab_113 SpatiallyLoaded:1 Bounds:IsValid=true, Min=(X=11900.000 Y=1290.000 Z=-0.000), Max=(X=12700.000 Y=1890.000 Z=20.000) RuntimeGrid:None EditorOnly:0 RuntimeOnly:0 HLODRelevant:1
 |   |   |- [+] [ 55]
 |   |   |   |- Guid:DEB6EAF04D00BC6FB49250B4AAF5091F BaseClass: NativeClass:/Script/Engine.StaticMeshActor Name:SM_Floor_Slab_UAID_988389A0DE6D9BBA01_1661139083 Label:SM_Floor_Slab_112 SpatiallyLoaded:1 Bounds:IsValid=true, Min=(X=11900.000 Y=1890.000 Z=-0.000), Max=(X=12700.000 Y=2490.000 Z=20.000) RuntimeGrid:None EditorOnly:0 RuntimeOnly:0 HLODRelevant:1
 |   |   |- [+] [ 56]
 |   |   |   |- Guid:F8CB519745BDD8C5A284059020AE7E22 BaseClass: NativeClass:/Script/Engine.StaticMeshActor Name:SM_Floor_Slab_UAID_988389A0DE6D9BBA01_1661138082 Label:SM_Floor_Slab_111 SpatiallyLoaded:1 Bounds:IsValid=true, Min=(X=11900.000 Y=2490.000 Z=-0.000), Max=(X=12700.000 Y=3090.000 Z=20.000) RuntimeGrid:None EditorOnly:0 RuntimeOnly:0 HLODRelevant:1
 |   |   |- [+] [ 57]
 |   |   |   |- Guid:4B1DB4134B295B7E0F5A9E9483B6A326 BaseClass: NativeClass:/Script/Engine.StaticMeshActor Name:SM_Floor_Slab_UAID_988389A0DE6D9BBA01_1661137081 Label:SM_Floor_Slab_110 SpatiallyLoaded:1 Bounds:IsValid=true, Min=(X=11900.000 Y=3090.000 Z=-0.000), Max=(X=12700.000 Y=3690.000 Z=20.000) RuntimeGrid:None EditorOnly:0 RuntimeOnly:0 HLODRelevant:1
 |   |   |- [+] [ 58]
 |   |   |   |- Guid:FCE1F0C44BADA32C7F7E898C1758B6FA BaseClass: NativeClass:/Script/Engine.StaticMeshActor Name:SM_Floor_Slab_UAID_988389A0DE6D9BBA01_1661135080 Label:SM_Floor_Slab_109 SpatiallyLoaded:1 Bounds:IsValid=true, Min=(X=11900.000 Y=3690.000 Z=-0.000), Max=(X=12700.000 Y=4284.000 Z=20.000) RuntimeGrid:None EditorOnly:0 RuntimeOnly:0 HLODRelevant:1
 |   |   |- [+] [ 59]
 |   |   |   |- Guid:624CFE9F4BA60D48F53CFDB6BA2EFE8B BaseClass: NativeClass:/Script/Engine.StaticMeshActor Name:SM_Floor_Slab_UAID_988389A0DE6D9BBA01_1661134079 Label:SM_Floor_Slab_108 SpatiallyLoaded:1 Bounds:IsValid=true, Min=(X=11900.000 Y=7290.000 Z=-0.000), Max=(X=12300.000 Y=7890.000 Z=20.000) RuntimeGrid:None EditorOnly:0 RuntimeOnly:0 HLODRelevant:1
 |   |   |- [+] [ 60]
 |   |   |   |- Guid:43ADC9994E62651709334FB93AEB8148 BaseClass: NativeClass:/Script/Engine.StaticMeshActor Name:SM_Floor_Slab_UAID_988389A0DE6D9BBA01_1661133078 Label:SM_Floor_Slab_107 SpatiallyLoaded:1 Bounds:IsValid=true, Min=(X=11900.000 Y=6690.000 Z=-0.000), Max=(X=12300.000 Y=7290.000 Z=20.000) RuntimeGrid:None EditorOnly:0 RuntimeOnly:0 HLODRelevant:1
 |   |   |- [+] [ 61]
 |   |   |   |- Guid:7016309C466E6085535C54A372B19C3A BaseClass: NativeClass:/Script/Engine.StaticMeshActor Name:SM_Floor_Slab_UAID_988389A0DE6D9BBA01_1661131077 Label:SM_Floor_Slab_106 SpatiallyLoaded:1 Bounds:IsValid=true, Min=(X=11900.000 Y=4290.000 Z=-0.000), Max=(X=12300.000 Y=4890.000 Z=20.000) RuntimeGrid:None EditorOnly:0 RuntimeOnly:0 HLODRelevant:1
 |   |   |- [+] [ 62]
 |   |   |   |- Guid:EDF39ED347F4378FF9F59197FB106F0C BaseClass: NativeClass:/Script/Engine.StaticMeshActor Name:SM_Floor_Slab_UAID_988389A0DE6D9BBA01_1661130076 Label:SM_Floor_Slab_102 SpatiallyLoaded:1 Bounds:IsValid=true, Min=(X=11900.000 Y=4890.000 Z=-0.000), Max=(X=12300.000 Y=5490.000 Z=20.000) RuntimeGrid:None EditorOnly:0 RuntimeOnly:0 HLODRelevant:1
 |   |   |- [+] [ 63]
 |   |   |   |- Guid:DBE606F946E9380259FE13B9BFB3DE2C BaseClass: NativeClass:/Script/Engine.StaticMeshActor Name:SM_Floor_Slab_UAID_988389A0DE6D9BBA01_1661129075 Label:SM_Floor_Slab_5 SpatiallyLoaded:1 Bounds:IsValid=true, Min=(X=11900.000 Y=5490.000 Z=-0.000), Max=(X=12300.000 Y=6090.000 Z=20.000) RuntimeGrid:None EditorOnly:0 RuntimeOnly:0 HLODRelevant:1
 |   |   |- [+] [ 64]
 |   |   |   |- Guid:3A00AA1C422CE54C0BDB60BAF471BFBB BaseClass: NativeClass:/Script/Engine.PlayerStart Name:PlayerStart_0 Label:PlayerStart SpatiallyLoaded:0 Bounds:IsValid=true, Min=(X=10981.729 Y=106.223 Z=108.000), Max=(X=11061.729 Y=186.223 Z=292.000) RuntimeGrid:None EditorOnly:0 RuntimeOnly:0 HLODRelevant:0
 |   |   |- [+] [ 65]
 |   |   |   |- Guid:7BA3155D467F8DA89622EB8D2C754CD9 BaseClass: NativeClass:/Script/Engine.StaticMeshActor Name:SM_Floor_Slab_01_UAID_988389A0DE6D9BBA01_1661127074 Label:SM_Floor_Slab_3 SpatiallyLoaded:1 Bounds:IsValid=true, Min=(X=11900.000 Y=6090.000 Z=-0.000), Max=(X=12300.000 Y=6690.000 Z=20.000) RuntimeGrid:None EditorOnly:0 RuntimeOnly:0 HLODRelevant:1
 |   |   |- [+] [ 66]
 |   |   |   |- Guid:48C9FB0848051C9BEF1F3E9131FF871E BaseClass: NativeClass:/Script/Engine.StaticMeshActor Name:SM_Floor_Slab_UAID_988389A0DE6D9BBA01_1661126073 Label:SM_Floor_Slab_101 SpatiallyLoaded:1 Bounds:IsValid=true, Min=(X=10500.000 Y=7290.000 Z=-0.000), Max=(X=11300.000 Y=7890.000 Z=20.000) RuntimeGrid:None EditorOnly:0 RuntimeOnly:0 HLODRelevant:1
 |   |   |- [+] [ 67]
 |   |   |   |- Guid:0DE8B8414097DC92BF647D9ECF8F64A6 BaseClass: NativeClass:/Script/Engine.StaticMeshActor Name:SM_Floor_Slab_UAID_988389A0DE6D9BBA01_1661125072 Label:SM_Floor_Slab_98 SpatiallyLoaded:1 Bounds:IsValid=true, Min=(X=8700.000 Y=7289.998 Z=-0.000), Max=(X=9300.002 Y=7890.000 Z=20.000) RuntimeGrid:None EditorOnly:0 RuntimeOnly:0 HLODRelevant:1
 |   |   |- [+] [ 68]
 |   |   |   |- Guid:9ACA94D5471AAB6D4F1725AE2699EDB8 BaseClass: NativeClass:/Script/Engine.StaticMeshActor Name:SM_Floor_Slab_UAID_988389A0DE6D9BBA01_1661123071 Label:SM_Floor_Slab_97 SpatiallyLoaded:1 Bounds:IsValid=true, Min=(X=8700.000 Y=6689.998 Z=-0.000), Max=(X=9300.002 Y=7290.000 Z=20.000) RuntimeGrid:None EditorOnly:0 RuntimeOnly:0 HLODRelevant:1
 |   |   |- [+] [ 69]
 |   |   |   |- Guid:8040EE3A4C8C42FA1E9DBDBBF5CD12C4 BaseClass: NativeClass:/Script/Engine.StaticMeshActor Name:SM_Floor_Slab_UAID_988389A0DE6D9BBA01_1661122070 Label:SM_Floor_Slab_96 SpatiallyLoaded:1 Bounds:IsValid=true, Min=(X=9300.000 Y=7289.998 Z=-0.000), Max=(X=9900.002 Y=7890.000 Z=20.000) RuntimeGrid:None EditorOnly:0 RuntimeOnly:0 HLODRelevant:1
 |   |   |- [+] [ 70]
 |   |   |   |- Guid:EFE859C7444463647B829493C3EAB49B BaseClass: NativeClass:/Script/Engine.StaticMeshActor Name:SM_Floor_Slab_UAID_988389A0DE6D9BBA01_1661120069 Label:SM_Floor_Slab_95 SpatiallyLoaded:1 Bounds:IsValid=true, Min=(X=9300.000 Y=6689.998 Z=-0.000), Max=(X=9900.002 Y=7290.000 Z=20.000) RuntimeGrid:None EditorOnly:0 RuntimeOnly:0 HLODRelevant:1
 |   |   |- [+] [ 71]
 |   |   |   |- Guid:9270A51E4AB7D13EF542D6BE64E865C8 BaseClass: NativeClass:/Script/Engine.StaticMeshActor Name:SM_Floor_Slab_UAID_988389A0DE6D9BBA01_1661119068 Label:SM_Floor_Slab_93 SpatiallyLoaded:1 Bounds:IsValid=true, Min=(X=9900.000 Y=7289.998 Z=-0.000), Max=(X=10500.002 Y=7890.000 Z=20.000) RuntimeGrid:None EditorOnly:0 RuntimeOnly:0 HLODRelevant:1
 |   |   |- [+] [ 72]
 |   |   |   |- Guid:4BDABDE345C90CAA877CE5A9C33FD8CA BaseClass: NativeClass:/Script/Engine.StaticMeshActor Name:SM_Floor_Slab_UAID_988389A0DE6D9BBA01_1661118067 Label:SM_Floor_Slab_92 SpatiallyLoaded:1 Bounds:IsValid=true, Min=(X=11300.000 Y=7289.998 Z=-0.000), Max=(X=11900.002 Y=7890.000 Z=20.000) RuntimeGrid:None EditorOnly:0 RuntimeOnly:0 HLODRelevant:1
 |   |   |- [+] [ 73]
 |   |   |   |- Guid:D9975B264528776BD7156F93A09FA7FB BaseClass: NativeClass:/Script/Engine.StaticMeshActor Name:SM_Floor_Slab_UAID_988389A0DE6D9BBA01_1661117066 Label:SM_Floor_Slab_91 SpatiallyLoaded:1 Bounds:IsValid=true, Min=(X=11299.997 Y=290.000 Z=-0.000), Max=(X=11900.000 Y=690.004 Z=20.000) RuntimeGrid:None EditorOnly:0 RuntimeOnly:0 HLODRelevant:1
 |   |   |- [+] [ 74]
 |   |   |   |- Guid:4BDB8D0644785CDE56098C88861D8F38 BaseClass: NativeClass:/Script/Engine.StaticMeshActor Name:SM_Floor_Slab_UAID_988389A0DE6D9BBA01_1661116065 Label:SM_Floor_Slab_90 SpatiallyLoaded:1 Bounds:IsValid=true, Min=(X=11300.000 Y=689.998 Z=-0.000), Max=(X=11900.002 Y=1290.000 Z=20.000) RuntimeGrid:None EditorOnly:0 RuntimeOnly:0 HLODRelevant:1
 |   |   |- [+] [ 75]
 |   |   |   |- Guid:EEEDE4EF4EF76303582909B9D24794D2 BaseClass: NativeClass:/Script/Engine.StaticMeshActor Name:SM_Floor_Slab_UAID_988389A0DE6D9BBA01_1661114064 Label:SM_Floor_Slab_89 SpatiallyLoaded:1 Bounds:IsValid=true, Min=(X=11300.000 Y=1289.998 Z=-0.000), Max=(X=11900.002 Y=1890.000 Z=20.000) RuntimeGrid:None EditorOnly:0 RuntimeOnly:0 HLODRelevant:1
 |   |   |- [+] [ 76]
 |   |   |   |- Guid:34627D9947607D24B179E684789A454F BaseClass: NativeClass:/Script/Engine.StaticMeshActor Name:SM_Floor_Slab_UAID_988389A0DE6D9BBA01_1661113063 Label:SM_Floor_Slab_88 SpatiallyLoaded:1 Bounds:IsValid=true, Min=(X=11300.000 Y=1889.998 Z=-0.000), Max=(X=11900.002 Y=2490.000 Z=20.000) RuntimeGrid:None EditorOnly:0 RuntimeOnly:0 HLODRelevant:1
 |   |   |- [+] [ 77]
 |   |   |   |- Guid:E50D687042C4F0A3C8B88491B8ECB415 BaseClass: NativeClass:/Script/Engine.StaticMeshActor Name:SM_Floor_Slab_UAID_988389A0DE6D9BBA01_1661111062 Label:SM_Floor_Slab_87 SpatiallyLoaded:1 Bounds:IsValid=true, Min=(X=11300.000 Y=2489.998 Z=-0.000), Max=(X=11900.002 Y=3090.000 Z=20.000) RuntimeGrid:None EditorOnly:0 RuntimeOnly:0 HLODRelevant:1
 |   |   |- [+] [ 78]
 |   |   |   |- Guid:C97D50AE410898BEBEC46C8BA4B6ED05 BaseClass: NativeClass:/Script/Engine.StaticMeshActor Name:SM_Floor_Slab_UAID_988389A0DE6D9BBA01_1661110061 Label:SM_Floor_Slab_86 SpatiallyLoaded:1 Bounds:IsValid=true, Min=(X=11300.000 Y=3089.998 Z=-0.000), Max=(X=11900.002 Y=3690.000 Z=20.000) RuntimeGrid:None EditorOnly:0 RuntimeOnly:0 HLODRelevant:1
 |   |   |- [+] [ 79]
 |   |   |   |- Guid:1D4934B546789483F470018AE1FDA428 BaseClass: NativeClass:/Script/Engine.StaticMeshActor Name:SM_Floor_Slab_UAID_988389A0DE6D9BBA01_1661109060 Label:SM_Floor_Slab_85 SpatiallyLoaded:1 Bounds:IsValid=true, Min=(X=11300.000 Y=3689.998 Z=-0.000), Max=(X=11900.002 Y=4290.000 Z=20.000) RuntimeGrid:None EditorOnly:0 RuntimeOnly:0 HLODRelevant:1
 |   |   |- [+] [ 80]
 |   |   |   |- Guid:1D8556E2416429BF445CDB9E282B5B3C BaseClass: NativeClass:/Script/Engine.StaticMeshActor Name:SM_Floor_Slab_UAID_988389A0DE6D9BBA01_1661107059 Label:SM_Floor_Slab_84 SpatiallyLoaded:1 Bounds:IsValid=true, Min=(X=9900.000 Y=3689.998 Z=-0.000), Max=(X=10500.002 Y=4290.000 Z=20.000) RuntimeGrid:None EditorOnly:0 RuntimeOnly:0 HLODRelevant:1
 |   |   |- [+] [ 81]
 |   |   |   |- Guid:2A8E097F485C317D2816C98A5312F588 BaseClass: NativeClass:/Script/Engine.StaticMeshActor Name:SM_Floor_Slab_UAID_988389A0DE6D9BBA01_1661106058 Label:SM_Floor_Slab_81 SpatiallyLoaded:1 Bounds:IsValid=true, Min=(X=11300.000 Y=4289.998 Z=-0.000), Max=(X=11900.002 Y=4890.000 Z=20.000) RuntimeGrid:None EditorOnly:0 RuntimeOnly:0 HLODRelevant:1
 |   |   |- [+] [ 82]
 |   |   |   |- Guid:14B176D84F04705F4B94F8B9D3866BD1 BaseClass: NativeClass:/Script/Engine.StaticMeshActor Name:SM_Floor_Slab_UAID_988389A0DE6D9BBA01_1661105057 Label:SM_Floor_Slab_80 SpatiallyLoaded:1 Bounds:IsValid=true, Min=(X=9900.000 Y=4289.998 Z=-0.000), Max=(X=10500.002 Y=4890.000 Z=20.000) RuntimeGrid:None EditorOnly:0 RuntimeOnly:0 HLODRelevant:1
 |   |   |- [+] [ 83]
 |   |   |   |- Guid:947D0F46485E2DFF6A155FB1FD302DFC BaseClass: NativeClass:/Script/Engine.StaticMeshActor Name:SM_Floor_Slab_UAID_988389A0DE6D9BBA01_1661104056 Label:SM_Floor_Slab_79 SpatiallyLoaded:1 Bounds:IsValid=true, Min=(X=11300.000 Y=4889.998 Z=-0.000), Max=(X=11900.002 Y=5490.000 Z=20.000) RuntimeGrid:None EditorOnly:0 RuntimeOnly:0 HLODRelevant:1
 |   |   |- [+] [ 84]
 |   |   |   |- Guid:5D786C3E4DB546E10C0517AA4211BB13 BaseClass: NativeClass:/Script/Engine.StaticMeshActor Name:SM_Floor_Slab_UAID_988389A0DE6D9BBA01_1661102055 Label:SM_Floor_Slab_78 SpatiallyLoaded:1 Bounds:IsValid=true, Min=(X=11300.000 Y=5489.998 Z=-0.000), Max=(X=11900.002 Y=6090.000 Z=20.000) RuntimeGrid:None EditorOnly:0 RuntimeOnly:0 HLODRelevant:1
 |   |   |- [+] [ 85]
 |   |   |   |- Guid:82C23909449E4602CEAE5897B8F5D148 BaseClass: NativeClass:/Script/Engine.StaticMeshActor Name:SM_Floor_Slab_UAID_988389A0DE6D9BBA01_1661101054 Label:SM_Floor_Slab_77 SpatiallyLoaded:1 Bounds:IsValid=true, Min=(X=11300.000 Y=6089.998 Z=-0.000), Max=(X=11900.002 Y=6690.000 Z=20.000) RuntimeGrid:None EditorOnly:0 RuntimeOnly:0 HLODRelevant:1
 |   |   |- [+] [ 86]
 |   |   |   |- Guid:EF37A39F4FB2F267448FE49B380943F9 BaseClass: NativeClass:/Script/Engine.StaticMeshActor Name:SM_Floor_Slab_UAID_988389A0DE6D9BBA01_1661099053 Label:SM_Floor_Slab_76 SpatiallyLoaded:1 Bounds:IsValid=true, Min=(X=11300.000 Y=6689.998 Z=-0.000), Max=(X=11900.002 Y=7290.000 Z=20.000) RuntimeGrid:None EditorOnly:0 RuntimeOnly:0 HLODRelevant:1
 |   |   |- [+] [ 87]
 |   |   |   |- Guid:04D59CD64966DA7DBE68FD893ACE5A19 BaseClass: NativeClass:/Script/Engine.StaticMeshActor Name:SM_Floor_Slab_UAID_988389A0DE6D9BBA01_1661098052 Label:SM_Floor_Slab_75 SpatiallyLoaded:1 Bounds:IsValid=true, Min=(X=9900.000 Y=4889.998 Z=-0.000), Max=(X=10500.002 Y=5490.000 Z=20.000) RuntimeGrid:None EditorOnly:0 RuntimeOnly:0 HLODRelevant:1
 |   |   |- [+] [ 88]
 |   |   |   |- Guid:6CF594634E959D4B6E15DFA917AE00BC BaseClass: NativeClass:/Script/Engine.StaticMeshActor Name:SM_Floor_Slab_UAID_988389A0DE6D9BBA01_1661097051 Label:SM_Floor_Slab_74 SpatiallyLoaded:1 Bounds:IsValid=true, Min=(X=9900.000 Y=5489.998 Z=-0.000), Max=(X=10500.002 Y=6090.000 Z=20.000) RuntimeGrid:None EditorOnly:0 RuntimeOnly:0 HLODRelevant:1
 |   |   |- [+] [ 89]
 |   |   |   |- Guid:5E824BB44380112AF44CDA9DB69F6E00 BaseClass: NativeClass:/Script/Engine.StaticMeshActor Name:SM_Floor_Slab_UAID_988389A0DE6D9BBA01_1661096050 Label:SM_Floor_Slab_73 SpatiallyLoaded:1 Bounds:IsValid=true, Min=(X=9900.000 Y=6089.998 Z=-0.000), Max=(X=10500.002 Y=6690.000 Z=20.000) RuntimeGrid:None EditorOnly:0 RuntimeOnly:0 HLODRelevant:1
 |   |   |- [+] [ 90]
 |   |   |   |- Guid:AC0C38A142066C2ACB5654911CBAB334 BaseClass: NativeClass:/Script/Engine.StaticMeshActor Name:SM_Floor_Slab_UAID_988389A0DE6D9BBA01_1661094049 Label:SM_Floor_Slab_71 SpatiallyLoaded:1 Bounds:IsValid=true, Min=(X=9900.000 Y=6689.998 Z=-0.000), Max=(X=10500.002 Y=7290.000 Z=20.000) RuntimeGrid:None EditorOnly:0 RuntimeOnly:0 HLODRelevant:1
 |   |   |- [+] [ 91]
 |   |   |   |- Guid:B0EB43A0416EF458F09D89B361F3837A BaseClass: NativeClass:/Script/Engine.StaticMeshActor Name:SM_Floor_Slab_03_UAID_988389A0DE6D9BBA01_1661089048 Label:SM_Floor_Slab_4 SpatiallyLoaded:1 Bounds:IsValid=true, Min=(X=10500.000 Y=289.998 Z=-0.000), Max=(X=11300.014 Y=7290.000 Z=20.000) RuntimeGrid:None EditorOnly:0 RuntimeOnly:0 HLODRelevant:1
 |- ContainerInstances:
 |- [+] MainContainer:
 |   |-        ID: 0x0000000000000000
 |   |-    Bounds: IsValid=false, Min=(X=0.000 Y=0.000 Z=0.000), Max=(X=0.000 Y=0.000 Z=0.000)
 |   |- Transform: 0.000000,0.000000,0.000000|0.000000,0.000000,-0.000000|1.000000,1.000000,1.000000
 |   |- Container: /Game/ThirdPerson/Maps/ThirdPersonMap
----------------------------------------------------------------------------------------------------------------
ThirdPersonMap - Persistent Level
----------------------------------------------------------------------------------------------------------------
Always loaded Actor Count: 178 

----------------------------------------------------------------------------------------------------------------
ThirdPersonMap - Runtime Spatial Hash - Streaming Grid - MainGrid
----------------------------------------------------------------------------------------------------------------
            Origin: X=0.000 Y=0.000 Z=0.000
         Cell Size: 12800
      World Bounds: IsValid=false, Min=(X=0.000 Y=0.000 Z=0.000), Max=(X=0.000 Y=0.000 Z=0.000)
     Loading Range: 25600.00
Block Slow Loading: No
 ClientOnlyVisible: No

[+] Grid Levels: 1
 |- Level  0: Cell Count    0 | Cell Size   12800 | Actor Count    0 (0.0%)

[+] Content of Grid Level 0

